{"/Users/jeffreyju/Documents/Coding_Project/revature/StudyBuddy/backend/controller/examsController.js": {"path":"/Users/jeffreyju/Documents/Coding_Project/revature/StudyBuddy/backend/controller/examsController.js","statementMap":{"0":{"start":{"line":1,"column":16},"end":{"line":1,"column":34}},"1":{"start":{"line":2,"column":15},"end":{"line":2,"column":31}},"2":{"start":{"line":3,"column":31},"end":{"line":3,"column":63}},"3":{"start":{"line":4,"column":26},"end":{"line":4,"column":48}},"4":{"start":{"line":5,"column":27},"end":{"line":5,"column":58}},"5":{"start":{"line":6,"column":21},"end":{"line":6,"column":55}},"6":{"start":{"line":7,"column":15},"end":{"line":7,"column":40}},"7":{"start":{"line":9,"column":11},"end":{"line":9,"column":68}},"8":{"start":{"line":13,"column":0},"end":{"line":38,"column":2}},"9":{"start":{"line":15,"column":4},"end":{"line":37,"column":5}},"10":{"start":{"line":16,"column":23},"end":{"line":16,"column":34}},"11":{"start":{"line":17,"column":22},"end":{"line":17,"column":74}},"12":{"start":{"line":18,"column":27},"end":{"line":18,"column":42}},"13":{"start":{"line":20,"column":8},"end":{"line":23,"column":9}},"14":{"start":{"line":21,"column":12},"end":{"line":21,"column":67}},"15":{"start":{"line":22,"column":12},"end":{"line":22,"column":74}},"16":{"start":{"line":25,"column":8},"end":{"line":25,"column":32}},"17":{"start":{"line":27,"column":28},"end":{"line":27,"column":54}},"18":{"start":{"line":28,"column":23},"end":{"line":28,"column":65}},"19":{"start":{"line":29,"column":25},"end":{"line":29,"column":46}},"20":{"start":{"line":30,"column":21},"end":{"line":30,"column":36}},"21":{"start":{"line":32,"column":8},"end":{"line":32,"column":60}},"22":{"start":{"line":33,"column":8},"end":{"line":33,"column":34}},"23":{"start":{"line":35,"column":8},"end":{"line":35,"column":43}},"24":{"start":{"line":36,"column":8},"end":{"line":36,"column":77}},"25":{"start":{"line":40,"column":0},"end":{"line":57,"column":2}},"26":{"start":{"line":41,"column":4},"end":{"line":56,"column":5}},"27":{"start":{"line":42,"column":23},"end":{"line":42,"column":34}},"28":{"start":{"line":43,"column":28},"end":{"line":43,"column":41}},"29":{"start":{"line":44,"column":21},"end":{"line":44,"column":34}},"30":{"start":{"line":46,"column":25},"end":{"line":46,"column":80}},"31":{"start":{"line":48,"column":8},"end":{"line":50,"column":9}},"32":{"start":{"line":49,"column":12},"end":{"line":49,"column":79}},"33":{"start":{"line":52,"column":8},"end":{"line":52,"column":54}},"34":{"start":{"line":55,"column":8},"end":{"line":55,"column":73}},"35":{"start":{"line":59,"column":0},"end":{"line":74,"column":3}},"36":{"start":{"line":60,"column":4},"end":{"line":73,"column":5}},"37":{"start":{"line":61,"column":21},"end":{"line":61,"column":32}},"38":{"start":{"line":62,"column":46},"end":{"line":62,"column":54}},"39":{"start":{"line":64,"column":6},"end":{"line":66,"column":7}},"40":{"start":{"line":65,"column":8},"end":{"line":65,"column":96}},"41":{"start":{"line":68,"column":21},"end":{"line":68,"column":86}},"42":{"start":{"line":69,"column":6},"end":{"line":69,"column":35}},"43":{"start":{"line":71,"column":6},"end":{"line":71,"column":49}},"44":{"start":{"line":72,"column":6},"end":{"line":72,"column":63}},"45":{"start":{"line":76,"column":0},"end":{"line":97,"column":3}},"46":{"start":{"line":77,"column":0},"end":{"line":96,"column":1}},"47":{"start":{"line":78,"column":19},"end":{"line":78,"column":30}},"48":{"start":{"line":79,"column":23},"end":{"line":79,"column":33}},"49":{"start":{"line":80,"column":28},"end":{"line":80,"column":36}},"50":{"start":{"line":82,"column":4},"end":{"line":84,"column":5}},"51":{"start":{"line":83,"column":4},"end":{"line":83,"column":73}},"52":{"start":{"line":86,"column":17},"end":{"line":86,"column":73}},"53":{"start":{"line":88,"column":4},"end":{"line":90,"column":5}},"54":{"start":{"line":89,"column":8},"end":{"line":89,"column":66}},"55":{"start":{"line":92,"column":4},"end":{"line":92,"column":31}},"56":{"start":{"line":94,"column":4},"end":{"line":94,"column":51}},"57":{"start":{"line":95,"column":4},"end":{"line":95,"column":64}},"58":{"start":{"line":102,"column":0},"end":{"line":120,"column":2}},"59":{"start":{"line":103,"column":4},"end":{"line":119,"column":5}},"60":{"start":{"line":104,"column":23},"end":{"line":104,"column":34}},"61":{"start":{"line":106,"column":24},"end":{"line":106,"column":61}},"62":{"start":{"line":108,"column":8},"end":{"line":108,"column":44}},"63":{"start":{"line":110,"column":8},"end":{"line":112,"column":9}},"64":{"start":{"line":111,"column":12},"end":{"line":111,"column":67}},"65":{"start":{"line":114,"column":8},"end":{"line":114,"column":38}},"66":{"start":{"line":117,"column":8},"end":{"line":117,"column":25}},"67":{"start":{"line":118,"column":8},"end":{"line":118,"column":43}},"68":{"start":{"line":123,"column":0},"end":{"line":138,"column":2}},"69":{"start":{"line":124,"column":4},"end":{"line":137,"column":5}},"70":{"start":{"line":125,"column":24},"end":{"line":125,"column":42}},"71":{"start":{"line":126,"column":23},"end":{"line":126,"column":34}},"72":{"start":{"line":128,"column":24},"end":{"line":128,"column":70}},"73":{"start":{"line":130,"column":8},"end":{"line":132,"column":9}},"74":{"start":{"line":131,"column":12},"end":{"line":131,"column":70}},"75":{"start":{"line":134,"column":8},"end":{"line":134,"column":38}},"76":{"start":{"line":136,"column":8},"end":{"line":136,"column":72}},"77":{"start":{"line":142,"column":0},"end":{"line":164,"column":2}},"78":{"start":{"line":144,"column":4},"end":{"line":163,"column":5}},"79":{"start":{"line":145,"column":24},"end":{"line":145,"column":42}},"80":{"start":{"line":146,"column":23},"end":{"line":146,"column":40}},"81":{"start":{"line":147,"column":26},"end":{"line":147,"column":44}},"82":{"start":{"line":148,"column":26},"end":{"line":148,"column":37}},"83":{"start":{"line":149,"column":8},"end":{"line":149,"column":47}},"84":{"start":{"line":151,"column":21},"end":{"line":151,"column":89}},"85":{"start":{"line":153,"column":8},"end":{"line":153,"column":44}},"86":{"start":{"line":155,"column":8},"end":{"line":157,"column":9}},"87":{"start":{"line":156,"column":12},"end":{"line":156,"column":77}},"88":{"start":{"line":159,"column":8},"end":{"line":159,"column":42}},"89":{"start":{"line":161,"column":8},"end":{"line":161,"column":25}},"90":{"start":{"line":162,"column":8},"end":{"line":162,"column":73}},"91":{"start":{"line":167,"column":0},"end":{"line":167,"column":24}}},"fnMap":{"0":{"name":"(anonymous_0)","decl":{"start":{"line":13,"column":47},"end":{"line":13,"column":48}},"loc":{"start":{"line":13,"column":67},"end":{"line":38,"column":1}},"line":13},"1":{"name":"(anonymous_1)","decl":{"start":{"line":40,"column":40},"end":{"line":40,"column":41}},"loc":{"start":{"line":40,"column":60},"end":{"line":57,"column":1}},"line":40},"2":{"name":"(anonymous_2)","decl":{"start":{"line":59,"column":41},"end":{"line":59,"column":42}},"loc":{"start":{"line":59,"column":61},"end":{"line":74,"column":1}},"line":59},"3":{"name":"(anonymous_3)","decl":{"start":{"line":76,"column":48},"end":{"line":76,"column":49}},"loc":{"start":{"line":76,"column":68},"end":{"line":97,"column":1}},"line":76},"4":{"name":"(anonymous_4)","decl":{"start":{"line":102,"column":43},"end":{"line":102,"column":44}},"loc":{"start":{"line":102,"column":63},"end":{"line":120,"column":1}},"line":102},"5":{"name":"(anonymous_5)","decl":{"start":{"line":123,"column":43},"end":{"line":123,"column":44}},"loc":{"start":{"line":123,"column":63},"end":{"line":138,"column":1}},"line":123},"6":{"name":"(anonymous_6)","decl":{"start":{"line":142,"column":59},"end":{"line":142,"column":60}},"loc":{"start":{"line":142,"column":79},"end":{"line":164,"column":1}},"line":142}},"branchMap":{"0":{"loc":{"start":{"line":20,"column":8},"end":{"line":23,"column":9}},"type":"if","locations":[{"start":{"line":20,"column":8},"end":{"line":23,"column":9}},{"start":{},"end":{}}],"line":20},"1":{"loc":{"start":{"line":48,"column":8},"end":{"line":50,"column":9}},"type":"if","locations":[{"start":{"line":48,"column":8},"end":{"line":50,"column":9}},{"start":{},"end":{}}],"line":48},"2":{"loc":{"start":{"line":64,"column":6},"end":{"line":66,"column":7}},"type":"if","locations":[{"start":{"line":64,"column":6},"end":{"line":66,"column":7}},{"start":{},"end":{}}],"line":64},"3":{"loc":{"start":{"line":64,"column":10},"end":{"line":64,"column":44}},"type":"binary-expr","locations":[{"start":{"line":64,"column":10},"end":{"line":64,"column":16}},{"start":{"line":64,"column":20},"end":{"line":64,"column":32}},{"start":{"line":64,"column":36},"end":{"line":64,"column":44}}],"line":64},"4":{"loc":{"start":{"line":82,"column":4},"end":{"line":84,"column":5}},"type":"if","locations":[{"start":{"line":82,"column":4},"end":{"line":84,"column":5}},{"start":{},"end":{}}],"line":82},"5":{"loc":{"start":{"line":88,"column":4},"end":{"line":90,"column":5}},"type":"if","locations":[{"start":{"line":88,"column":4},"end":{"line":90,"column":5}},{"start":{},"end":{}}],"line":88},"6":{"loc":{"start":{"line":110,"column":8},"end":{"line":112,"column":9}},"type":"if","locations":[{"start":{"line":110,"column":8},"end":{"line":112,"column":9}},{"start":{},"end":{}}],"line":110},"7":{"loc":{"start":{"line":130,"column":8},"end":{"line":132,"column":9}},"type":"if","locations":[{"start":{"line":130,"column":8},"end":{"line":132,"column":9}},{"start":{},"end":{}}],"line":130},"8":{"loc":{"start":{"line":155,"column":8},"end":{"line":157,"column":9}},"type":"if","locations":[{"start":{"line":155,"column":8},"end":{"line":157,"column":9}},{"start":{},"end":{}}],"line":155}},"s":{"0":1,"1":1,"2":1,"3":1,"4":1,"5":1,"6":1,"7":1,"8":1,"9":2,"10":2,"11":2,"12":2,"13":2,"14":1,"15":1,"16":1,"17":1,"18":1,"19":1,"20":1,"21":1,"22":1,"23":0,"24":0,"25":1,"26":2,"27":2,"28":2,"29":2,"30":2,"31":2,"32":1,"33":1,"34":0,"35":1,"36":0,"37":0,"38":0,"39":0,"40":0,"41":0,"42":0,"43":0,"44":0,"45":1,"46":0,"47":0,"48":0,"49":0,"50":0,"51":0,"52":0,"53":0,"54":0,"55":0,"56":0,"57":0,"58":1,"59":0,"60":0,"61":0,"62":0,"63":0,"64":0,"65":0,"66":0,"67":0,"68":1,"69":0,"70":0,"71":0,"72":0,"73":0,"74":0,"75":0,"76":0,"77":1,"78":4,"79":4,"80":4,"81":4,"82":4,"83":4,"84":4,"85":2,"86":2,"87":1,"88":1,"89":2,"90":2,"91":1},"f":{"0":2,"1":2,"2":0,"3":0,"4":0,"5":0,"6":4},"b":{"0":[1,1],"1":[1,1],"2":[0,0],"3":[0,0,0],"4":[0,0],"5":[0,0],"6":[0,0],"7":[0,0],"8":[1,1]},"_coverageSchema":"1a1c01bbd47fc00a2c39e90264f33305004495a9","hash":"01c389228177f7d0ac041112ce95487dfa00ee13"}
,"/Users/jeffreyju/Documents/Coding_Project/revature/StudyBuddy/backend/controller/flashcardController.js": {"path":"/Users/jeffreyju/Documents/Coding_Project/revature/StudyBuddy/backend/controller/flashcardController.js","statementMap":{"0":{"start":{"line":1,"column":16},"end":{"line":1,"column":34}},"1":{"start":{"line":2,"column":15},"end":{"line":2,"column":31}},"2":{"start":{"line":3,"column":31},"end":{"line":3,"column":63}},"3":{"start":{"line":4,"column":26},"end":{"line":4,"column":48}},"4":{"start":{"line":5,"column":32},"end":{"line":5,"column":63}},"5":{"start":{"line":6,"column":25},"end":{"line":6,"column":63}},"6":{"start":{"line":7,"column":30},"end":{"line":7,"column":77}},"7":{"start":{"line":8,"column":15},"end":{"line":8,"column":40}},"8":{"start":{"line":10,"column":11},"end":{"line":10,"column":68}},"9":{"start":{"line":12,"column":0},"end":{"line":35,"column":3}},"10":{"start":{"line":13,"column":4},"end":{"line":34,"column":5}},"11":{"start":{"line":14,"column":22},"end":{"line":14,"column":74}},"12":{"start":{"line":15,"column":23},"end":{"line":15,"column":34}},"13":{"start":{"line":16,"column":27},"end":{"line":16,"column":42}},"14":{"start":{"line":17,"column":33},"end":{"line":17,"column":46}},"15":{"start":{"line":19,"column":8},"end":{"line":22,"column":9}},"16":{"start":{"line":20,"column":12},"end":{"line":20,"column":72}},"17":{"start":{"line":21,"column":12},"end":{"line":21,"column":74}},"18":{"start":{"line":24,"column":28},"end":{"line":24,"column":65}},"19":{"start":{"line":25,"column":23},"end":{"line":25,"column":65}},"20":{"start":{"line":26,"column":25},"end":{"line":26,"column":46}},"21":{"start":{"line":27,"column":21},"end":{"line":27,"column":36}},"22":{"start":{"line":29,"column":8},"end":{"line":29,"column":64}},"23":{"start":{"line":30,"column":8},"end":{"line":30,"column":34}},"24":{"start":{"line":32,"column":8},"end":{"line":32,"column":45}},"25":{"start":{"line":33,"column":8},"end":{"line":33,"column":83}},"26":{"start":{"line":37,"column":0},"end":{"line":56,"column":3}},"27":{"start":{"line":38,"column":4},"end":{"line":55,"column":5}},"28":{"start":{"line":39,"column":23},"end":{"line":39,"column":34}},"29":{"start":{"line":40,"column":33},"end":{"line":40,"column":46}},"30":{"start":{"line":41,"column":27},"end":{"line":41,"column":46}},"31":{"start":{"line":43,"column":8},"end":{"line":46,"column":9}},"32":{"start":{"line":44,"column":12},"end":{"line":44,"column":63}},"33":{"start":{"line":45,"column":12},"end":{"line":45,"column":93}},"34":{"start":{"line":48,"column":31},"end":{"line":48,"column":106}},"35":{"start":{"line":49,"column":8},"end":{"line":49,"column":94}},"36":{"start":{"line":51,"column":8},"end":{"line":51,"column":37}},"37":{"start":{"line":53,"column":8},"end":{"line":53,"column":56}},"38":{"start":{"line":54,"column":8},"end":{"line":54,"column":71}},"39":{"start":{"line":58,"column":0},"end":{"line":70,"column":3}},"40":{"start":{"line":59,"column":19},"end":{"line":59,"column":30}},"41":{"start":{"line":61,"column":19},"end":{"line":61,"column":69}},"42":{"start":{"line":63,"column":4},"end":{"line":66,"column":5}},"43":{"start":{"line":64,"column":8},"end":{"line":64,"column":81}},"44":{"start":{"line":65,"column":8},"end":{"line":65,"column":81}},"45":{"start":{"line":68,"column":4},"end":{"line":68,"column":68}},"46":{"start":{"line":69,"column":4},"end":{"line":69,"column":33}},"47":{"start":{"line":74,"column":0},"end":{"line":87,"column":3}},"48":{"start":{"line":75,"column":19},"end":{"line":75,"column":30}},"49":{"start":{"line":76,"column":26},"end":{"line":76,"column":42}},"50":{"start":{"line":78,"column":19},"end":{"line":78,"column":79}},"51":{"start":{"line":80,"column":4},"end":{"line":83,"column":5}},"52":{"start":{"line":81,"column":8},"end":{"line":81,"column":98}},"53":{"start":{"line":82,"column":8},"end":{"line":82,"column":72}},"54":{"start":{"line":85,"column":4},"end":{"line":85,"column":102}},"55":{"start":{"line":86,"column":4},"end":{"line":86,"column":40}},"56":{"start":{"line":91,"column":0},"end":{"line":104,"column":3}},"57":{"start":{"line":92,"column":19},"end":{"line":92,"column":30}},"58":{"start":{"line":93,"column":24},"end":{"line":93,"column":47}},"59":{"start":{"line":95,"column":19},"end":{"line":95,"column":73}},"60":{"start":{"line":97,"column":4},"end":{"line":100,"column":5}},"61":{"start":{"line":98,"column":8},"end":{"line":98,"column":94}},"62":{"start":{"line":99,"column":8},"end":{"line":99,"column":81}},"63":{"start":{"line":102,"column":4},"end":{"line":102,"column":94}},"64":{"start":{"line":103,"column":4},"end":{"line":103,"column":33}},"65":{"start":{"line":106,"column":0},"end":{"line":106,"column":24}}},"fnMap":{"0":{"name":"(anonymous_0)","decl":{"start":{"line":12,"column":36},"end":{"line":12,"column":37}},"loc":{"start":{"line":12,"column":56},"end":{"line":35,"column":1}},"line":12},"1":{"name":"(anonymous_1)","decl":{"start":{"line":37,"column":63},"end":{"line":37,"column":64}},"loc":{"start":{"line":37,"column":83},"end":{"line":56,"column":1}},"line":37},"2":{"name":"(anonymous_2)","decl":{"start":{"line":58,"column":49},"end":{"line":58,"column":50}},"loc":{"start":{"line":58,"column":69},"end":{"line":70,"column":1}},"line":58},"3":{"name":"(anonymous_3)","decl":{"start":{"line":74,"column":54},"end":{"line":74,"column":55}},"loc":{"start":{"line":74,"column":74},"end":{"line":87,"column":1}},"line":74},"4":{"name":"(anonymous_4)","decl":{"start":{"line":91,"column":48},"end":{"line":91,"column":49}},"loc":{"start":{"line":91,"column":68},"end":{"line":104,"column":1}},"line":91}},"branchMap":{"0":{"loc":{"start":{"line":19,"column":8},"end":{"line":22,"column":9}},"type":"if","locations":[{"start":{"line":19,"column":8},"end":{"line":22,"column":9}},{"start":{},"end":{}}],"line":19},"1":{"loc":{"start":{"line":43,"column":8},"end":{"line":46,"column":9}},"type":"if","locations":[{"start":{"line":43,"column":8},"end":{"line":46,"column":9}},{"start":{},"end":{}}],"line":43},"2":{"loc":{"start":{"line":43,"column":12},"end":{"line":43,"column":44}},"type":"binary-expr","locations":[{"start":{"line":43,"column":12},"end":{"line":43,"column":29}},{"start":{"line":43,"column":33},"end":{"line":43,"column":44}}],"line":43},"3":{"loc":{"start":{"line":63,"column":4},"end":{"line":66,"column":5}},"type":"if","locations":[{"start":{"line":63,"column":4},"end":{"line":66,"column":5}},{"start":{},"end":{}}],"line":63},"4":{"loc":{"start":{"line":80,"column":4},"end":{"line":83,"column":5}},"type":"if","locations":[{"start":{"line":80,"column":4},"end":{"line":83,"column":5}},{"start":{},"end":{}}],"line":80},"5":{"loc":{"start":{"line":97,"column":4},"end":{"line":100,"column":5}},"type":"if","locations":[{"start":{"line":97,"column":4},"end":{"line":100,"column":5}},{"start":{},"end":{}}],"line":97}},"s":{"0":1,"1":1,"2":1,"3":1,"4":1,"5":1,"6":1,"7":1,"8":1,"9":1,"10":1,"11":1,"12":1,"13":1,"14":1,"15":1,"16":1,"17":1,"18":0,"19":0,"20":0,"21":0,"22":0,"23":0,"24":0,"25":0,"26":1,"27":3,"28":3,"29":3,"30":3,"31":3,"32":1,"33":1,"34":2,"35":1,"36":1,"37":1,"38":1,"39":1,"40":2,"41":2,"42":2,"43":1,"44":1,"45":1,"46":1,"47":1,"48":0,"49":0,"50":0,"51":0,"52":0,"53":0,"54":0,"55":0,"56":1,"57":2,"58":2,"59":2,"60":2,"61":1,"62":1,"63":1,"64":1,"65":1},"f":{"0":1,"1":3,"2":2,"3":0,"4":2},"b":{"0":[1,0],"1":[1,2],"2":[3,3],"3":[1,1],"4":[0,0],"5":[1,1]},"_coverageSchema":"1a1c01bbd47fc00a2c39e90264f33305004495a9","hash":"6fb6c72af7446c494565a853d37dddeda5e2ee88"}
,"/Users/jeffreyju/Documents/Coding_Project/revature/StudyBuddy/backend/controller/userController.js": {"path":"/Users/jeffreyju/Documents/Coding_Project/revature/StudyBuddy/backend/controller/userController.js","statementMap":{"0":{"start":{"line":1,"column":16},"end":{"line":1,"column":34}},"1":{"start":{"line":2,"column":15},"end":{"line":2,"column":31}},"2":{"start":{"line":3,"column":12},"end":{"line":3,"column":35}},"3":{"start":{"line":4,"column":0},"end":{"line":4,"column":27}},"4":{"start":{"line":5,"column":20},"end":{"line":5,"column":53}},"5":{"start":{"line":6,"column":26},"end":{"line":6,"column":48}},"6":{"start":{"line":7,"column":25},"end":{"line":7,"column":53}},"7":{"start":{"line":8,"column":32},"end":{"line":8,"column":72}},"8":{"start":{"line":9,"column":15},"end":{"line":9,"column":32}},"9":{"start":{"line":10,"column":15},"end":{"line":10,"column":40}},"10":{"start":{"line":12,"column":15},"end":{"line":12,"column":32}},"11":{"start":{"line":13,"column":15},"end":{"line":13,"column":58}},"12":{"start":{"line":15,"column":0},"end":{"line":19,"column":3}},"13":{"start":{"line":16,"column":17},"end":{"line":16,"column":25}},"14":{"start":{"line":17,"column":4},"end":{"line":17,"column":50}},"15":{"start":{"line":18,"column":4},"end":{"line":18,"column":31}},"16":{"start":{"line":22,"column":0},"end":{"line":45,"column":3}},"17":{"start":{"line":23,"column":35},"end":{"line":23,"column":43}},"18":{"start":{"line":24,"column":22},"end":{"line":24,"column":42}},"19":{"start":{"line":25,"column":17},"end":{"line":25,"column":52}},"20":{"start":{"line":27,"column":4},"end":{"line":30,"column":5}},"21":{"start":{"line":28,"column":8},"end":{"line":28,"column":70}},"22":{"start":{"line":29,"column":8},"end":{"line":29,"column":72}},"23":{"start":{"line":32,"column":18},"end":{"line":42,"column":5}},"24":{"start":{"line":43,"column":4},"end":{"line":43,"column":47}},"25":{"start":{"line":44,"column":4},"end":{"line":44,"column":91}},"26":{"start":{"line":48,"column":0},"end":{"line":51,"column":3}},"27":{"start":{"line":49,"column":4},"end":{"line":49,"column":57}},"28":{"start":{"line":50,"column":4},"end":{"line":50,"column":62}},"29":{"start":{"line":54,"column":0},"end":{"line":70,"column":3}},"30":{"start":{"line":55,"column":4},"end":{"line":69,"column":5}},"31":{"start":{"line":56,"column":45},"end":{"line":56,"column":53}},"32":{"start":{"line":57,"column":29},"end":{"line":57,"column":64}},"33":{"start":{"line":58,"column":8},"end":{"line":61,"column":9}},"34":{"start":{"line":59,"column":12},"end":{"line":59,"column":93}},"35":{"start":{"line":60,"column":12},"end":{"line":60,"column":79}},"36":{"start":{"line":63,"column":24},"end":{"line":63,"column":78}},"37":{"start":{"line":64,"column":8},"end":{"line":64,"column":73}},"38":{"start":{"line":65,"column":8},"end":{"line":65,"column":101}},"39":{"start":{"line":67,"column":8},"end":{"line":67,"column":51}},"40":{"start":{"line":68,"column":8},"end":{"line":68,"column":67}},"41":{"start":{"line":72,"column":0},"end":{"line":87,"column":3}},"42":{"start":{"line":73,"column":4},"end":{"line":86,"column":5}},"43":{"start":{"line":74,"column":23},"end":{"line":74,"column":31}},"44":{"start":{"line":75,"column":39},"end":{"line":75,"column":47}},"45":{"start":{"line":77,"column":8},"end":{"line":79,"column":9}},"46":{"start":{"line":78,"column":12},"end":{"line":78,"column":86}},"47":{"start":{"line":81,"column":28},"end":{"line":81,"column":80}},"48":{"start":{"line":82,"column":8},"end":{"line":82,"column":90}},"49":{"start":{"line":84,"column":8},"end":{"line":84,"column":50}},"50":{"start":{"line":85,"column":8},"end":{"line":85,"column":67}},"51":{"start":{"line":90,"column":0},"end":{"line":117,"column":3}},"52":{"start":{"line":91,"column":4},"end":{"line":116,"column":5}},"53":{"start":{"line":92,"column":29},"end":{"line":92,"column":37}},"54":{"start":{"line":94,"column":8},"end":{"line":96,"column":9}},"55":{"start":{"line":95,"column":12},"end":{"line":95,"column":77}},"56":{"start":{"line":98,"column":29},"end":{"line":98,"column":64}},"57":{"start":{"line":99,"column":8},"end":{"line":102,"column":9}},"58":{"start":{"line":100,"column":12},"end":{"line":100,"column":86}},"59":{"start":{"line":101,"column":12},"end":{"line":101,"column":76}},"60":{"start":{"line":104,"column":23},"end":{"line":104,"column":31}},"61":{"start":{"line":106,"column":8},"end":{"line":108,"column":9}},"62":{"start":{"line":107,"column":12},"end":{"line":107,"column":76}},"63":{"start":{"line":110,"column":8},"end":{"line":110,"column":41}},"64":{"start":{"line":111,"column":8},"end":{"line":111,"column":62}},"65":{"start":{"line":112,"column":8},"end":{"line":112,"column":71}},"66":{"start":{"line":114,"column":8},"end":{"line":114,"column":45}},"67":{"start":{"line":115,"column":8},"end":{"line":115,"column":67}},"68":{"start":{"line":119,"column":0},"end":{"line":138,"column":3}},"69":{"start":{"line":120,"column":4},"end":{"line":137,"column":5}},"70":{"start":{"line":121,"column":8},"end":{"line":124,"column":9}},"71":{"start":{"line":122,"column":12},"end":{"line":122,"column":44}},"72":{"start":{"line":123,"column":12},"end":{"line":123,"column":73}},"73":{"start":{"line":126,"column":23},"end":{"line":126,"column":34}},"74":{"start":{"line":127,"column":25},"end":{"line":127,"column":42}},"75":{"start":{"line":129,"column":24},"end":{"line":129,"column":105}},"76":{"start":{"line":130,"column":8},"end":{"line":130,"column":68}},"77":{"start":{"line":132,"column":8},"end":{"line":132,"column":81}},"78":{"start":{"line":133,"column":8},"end":{"line":133,"column":92}},"79":{"start":{"line":135,"column":8},"end":{"line":135,"column":45}},"80":{"start":{"line":136,"column":8},"end":{"line":136,"column":67}},"81":{"start":{"line":140,"column":0},"end":{"line":167,"column":3}},"82":{"start":{"line":141,"column":4},"end":{"line":166,"column":5}},"83":{"start":{"line":142,"column":29},"end":{"line":142,"column":37}},"84":{"start":{"line":144,"column":8},"end":{"line":147,"column":9}},"85":{"start":{"line":145,"column":12},"end":{"line":145,"column":73}},"86":{"start":{"line":146,"column":12},"end":{"line":146,"column":77}},"87":{"start":{"line":149,"column":29},"end":{"line":149,"column":64}},"88":{"start":{"line":150,"column":8},"end":{"line":153,"column":9}},"89":{"start":{"line":151,"column":12},"end":{"line":151,"column":75}},"90":{"start":{"line":152,"column":12},"end":{"line":152,"column":71}},"91":{"start":{"line":155,"column":8},"end":{"line":158,"column":9}},"92":{"start":{"line":156,"column":12},"end":{"line":156,"column":75}},"93":{"start":{"line":157,"column":12},"end":{"line":157,"column":82}},"94":{"start":{"line":160,"column":26},"end":{"line":160,"column":86}},"95":{"start":{"line":161,"column":8},"end":{"line":161,"column":84}},"96":{"start":{"line":162,"column":8},"end":{"line":162,"column":49}},"97":{"start":{"line":164,"column":8},"end":{"line":164,"column":58}},"98":{"start":{"line":165,"column":8},"end":{"line":165,"column":67}},"99":{"start":{"line":169,"column":0},"end":{"line":187,"column":3}},"100":{"start":{"line":170,"column":4},"end":{"line":186,"column":5}},"101":{"start":{"line":171,"column":25},"end":{"line":171,"column":42}},"102":{"start":{"line":172,"column":23},"end":{"line":172,"column":38}},"103":{"start":{"line":174,"column":23},"end":{"line":174,"column":68}},"104":{"start":{"line":176,"column":8},"end":{"line":179,"column":9}},"105":{"start":{"line":177,"column":12},"end":{"line":177,"column":70}},"106":{"start":{"line":178,"column":12},"end":{"line":178,"column":77}},"107":{"start":{"line":181,"column":8},"end":{"line":181,"column":85}},"108":{"start":{"line":182,"column":8},"end":{"line":182,"column":70}},"109":{"start":{"line":184,"column":8},"end":{"line":184,"column":51}},"110":{"start":{"line":185,"column":8},"end":{"line":185,"column":67}},"111":{"start":{"line":189,"column":0},"end":{"line":189,"column":24}}},"fnMap":{"0":{"name":"(anonymous_0)","decl":{"start":{"line":15,"column":35},"end":{"line":15,"column":36}},"loc":{"start":{"line":15,"column":55},"end":{"line":19,"column":1}},"line":15},"1":{"name":"(anonymous_1)","decl":{"start":{"line":22,"column":47},"end":{"line":22,"column":48}},"loc":{"start":{"line":22,"column":67},"end":{"line":45,"column":1}},"line":22},"2":{"name":"(anonymous_2)","decl":{"start":{"line":48,"column":42},"end":{"line":48,"column":43}},"loc":{"start":{"line":48,"column":56},"end":{"line":51,"column":1}},"line":48},"3":{"name":"(anonymous_3)","decl":{"start":{"line":54,"column":25},"end":{"line":54,"column":26}},"loc":{"start":{"line":54,"column":45},"end":{"line":70,"column":1}},"line":54},"4":{"name":"(anonymous_4)","decl":{"start":{"line":72,"column":41},"end":{"line":72,"column":42}},"loc":{"start":{"line":72,"column":61},"end":{"line":87,"column":1}},"line":72},"5":{"name":"(anonymous_5)","decl":{"start":{"line":90,"column":44},"end":{"line":90,"column":45}},"loc":{"start":{"line":90,"column":64},"end":{"line":117,"column":1}},"line":90},"6":{"name":"(anonymous_6)","decl":{"start":{"line":119,"column":83},"end":{"line":119,"column":84}},"loc":{"start":{"line":119,"column":103},"end":{"line":138,"column":1}},"line":119},"7":{"name":"(anonymous_7)","decl":{"start":{"line":140,"column":46},"end":{"line":140,"column":47}},"loc":{"start":{"line":140,"column":66},"end":{"line":167,"column":1}},"line":140},"8":{"name":"(anonymous_8)","decl":{"start":{"line":169,"column":46},"end":{"line":169,"column":47}},"loc":{"start":{"line":169,"column":66},"end":{"line":187,"column":1}},"line":169}},"branchMap":{"0":{"loc":{"start":{"line":27,"column":4},"end":{"line":30,"column":5}},"type":"if","locations":[{"start":{"line":27,"column":4},"end":{"line":30,"column":5}},{"start":{},"end":{}}],"line":27},"1":{"loc":{"start":{"line":58,"column":8},"end":{"line":61,"column":9}},"type":"if","locations":[{"start":{"line":58,"column":8},"end":{"line":61,"column":9}},{"start":{},"end":{}}],"line":58},"2":{"loc":{"start":{"line":77,"column":8},"end":{"line":79,"column":9}},"type":"if","locations":[{"start":{"line":77,"column":8},"end":{"line":79,"column":9}},{"start":{},"end":{}}],"line":77},"3":{"loc":{"start":{"line":77,"column":12},"end":{"line":77,"column":34}},"type":"binary-expr","locations":[{"start":{"line":77,"column":12},"end":{"line":77,"column":21}},{"start":{"line":77,"column":25},"end":{"line":77,"column":34}}],"line":77},"4":{"loc":{"start":{"line":94,"column":8},"end":{"line":96,"column":9}},"type":"if","locations":[{"start":{"line":94,"column":8},"end":{"line":96,"column":9}},{"start":{},"end":{}}],"line":94},"5":{"loc":{"start":{"line":99,"column":8},"end":{"line":102,"column":9}},"type":"if","locations":[{"start":{"line":99,"column":8},"end":{"line":102,"column":9}},{"start":{},"end":{}}],"line":99},"6":{"loc":{"start":{"line":106,"column":8},"end":{"line":108,"column":9}},"type":"if","locations":[{"start":{"line":106,"column":8},"end":{"line":108,"column":9}},{"start":{},"end":{}}],"line":106},"7":{"loc":{"start":{"line":121,"column":8},"end":{"line":124,"column":9}},"type":"if","locations":[{"start":{"line":121,"column":8},"end":{"line":124,"column":9}},{"start":{},"end":{}}],"line":121},"8":{"loc":{"start":{"line":144,"column":8},"end":{"line":147,"column":9}},"type":"if","locations":[{"start":{"line":144,"column":8},"end":{"line":147,"column":9}},{"start":{},"end":{}}],"line":144},"9":{"loc":{"start":{"line":150,"column":8},"end":{"line":153,"column":9}},"type":"if","locations":[{"start":{"line":150,"column":8},"end":{"line":153,"column":9}},{"start":{},"end":{}}],"line":150},"10":{"loc":{"start":{"line":155,"column":8},"end":{"line":158,"column":9}},"type":"if","locations":[{"start":{"line":155,"column":8},"end":{"line":158,"column":9}},{"start":{},"end":{}}],"line":155},"11":{"loc":{"start":{"line":176,"column":8},"end":{"line":179,"column":9}},"type":"if","locations":[{"start":{"line":176,"column":8},"end":{"line":179,"column":9}},{"start":{},"end":{}}],"line":176}},"s":{"0":1,"1":1,"2":1,"3":1,"4":1,"5":1,"6":1,"7":1,"8":1,"9":1,"10":1,"11":1,"12":1,"13":0,"14":0,"15":0,"16":1,"17":1,"18":1,"19":1,"20":1,"21":0,"22":0,"23":1,"24":1,"25":1,"26":1,"27":1,"28":1,"29":1,"30":2,"31":2,"32":2,"33":2,"34":1,"35":1,"36":1,"37":1,"38":1,"39":0,"40":0,"41":1,"42":0,"43":0,"44":0,"45":0,"46":0,"47":0,"48":0,"49":0,"50":0,"51":1,"52":0,"53":0,"54":0,"55":0,"56":0,"57":0,"58":0,"59":0,"60":0,"61":0,"62":0,"63":0,"64":0,"65":0,"66":0,"67":0,"68":1,"69":0,"70":0,"71":0,"72":0,"73":0,"74":0,"75":0,"76":0,"77":0,"78":0,"79":0,"80":0,"81":1,"82":0,"83":0,"84":0,"85":0,"86":0,"87":0,"88":0,"89":0,"90":0,"91":0,"92":0,"93":0,"94":0,"95":0,"96":0,"97":0,"98":0,"99":1,"100":0,"101":0,"102":0,"103":0,"104":0,"105":0,"106":0,"107":0,"108":0,"109":0,"110":0,"111":1},"f":{"0":0,"1":1,"2":1,"3":2,"4":0,"5":0,"6":0,"7":0,"8":0},"b":{"0":[0,1],"1":[1,1],"2":[0,0],"3":[0,0],"4":[0,0],"5":[0,0],"6":[0,0],"7":[0,0],"8":[0,0],"9":[0,0],"10":[0,0],"11":[0,0]},"_coverageSchema":"1a1c01bbd47fc00a2c39e90264f33305004495a9","hash":"09de19e22a66aef57de32ebabeb067f55a8b5cc3"}
,"/Users/jeffreyju/Documents/Coding_Project/revature/StudyBuddy/backend/middleware/flashcardSetMiddleware.js": {"path":"/Users/jeffreyju/Documents/Coding_Project/revature/StudyBuddy/backend/middleware/flashcardSetMiddleware.js","statementMap":{"0":{"start":{"line":1,"column":20},"end":{"line":1,"column":53}},"1":{"start":{"line":2,"column":28},"end":{"line":2,"column":56}},"2":{"start":{"line":3,"column":52},"end":{"line":3,"column":81}},"3":{"start":{"line":6,"column":19},"end":{"line":6,"column":30}},"4":{"start":{"line":7,"column":22},"end":{"line":7,"column":35}},"5":{"start":{"line":8,"column":19},"end":{"line":8,"column":54}},"6":{"start":{"line":11,"column":20},"end":{"line":14,"column":6}},"7":{"start":{"line":16,"column":4},"end":{"line":31,"column":5}},"8":{"start":{"line":17,"column":23},"end":{"line":17,"column":45}},"9":{"start":{"line":18,"column":8},"end":{"line":25,"column":9}},"10":{"start":{"line":19,"column":12},"end":{"line":19,"column":19}},"11":{"start":{"line":22,"column":12},"end":{"line":22,"column":46}},"12":{"start":{"line":24,"column":12},"end":{"line":24,"column":19}},"13":{"start":{"line":29,"column":8},"end":{"line":29,"column":27}},"14":{"start":{"line":30,"column":8},"end":{"line":30,"column":89}},"15":{"start":{"line":34,"column":0},"end":{"line":34,"column":38}}},"fnMap":{"0":{"name":"validateSetMiddleware","decl":{"start":{"line":5,"column":15},"end":{"line":5,"column":36}},"loc":{"start":{"line":5,"column":52},"end":{"line":32,"column":1}},"line":5}},"branchMap":{"0":{"loc":{"start":{"line":18,"column":8},"end":{"line":25,"column":9}},"type":"if","locations":[{"start":{"line":18,"column":8},"end":{"line":25,"column":9}},{"start":{"line":21,"column":12},"end":{"line":25,"column":9}}],"line":18},"1":{"loc":{"start":{"line":18,"column":11},"end":{"line":18,"column":56}},"type":"binary-expr","locations":[{"start":{"line":18,"column":11},"end":{"line":18,"column":26}},{"start":{"line":18,"column":30},"end":{"line":18,"column":56}}],"line":18}},"s":{"0":1,"1":1,"2":1,"3":3,"4":3,"5":3,"6":3,"7":3,"8":3,"9":3,"10":0,"11":3,"12":3,"13":0,"14":0,"15":1},"f":{"0":3},"b":{"0":[0,3],"1":[3,0]},"_coverageSchema":"1a1c01bbd47fc00a2c39e90264f33305004495a9","hash":"74c2384744a76d377876082b41b0e87db648ecaf"}
,"/Users/jeffreyju/Documents/Coding_Project/revature/StudyBuddy/backend/middleware/loginMiddleware.js": {"path":"/Users/jeffreyju/Documents/Coding_Project/revature/StudyBuddy/backend/middleware/loginMiddleware.js","statementMap":{"0":{"start":{"line":1,"column":15},"end":{"line":1,"column":32}},"1":{"start":{"line":2,"column":20},"end":{"line":2,"column":53}},"2":{"start":{"line":3,"column":15},"end":{"line":3,"column":40}},"3":{"start":{"line":6,"column":21},"end":{"line":6,"column":29}},"4":{"start":{"line":8,"column":25},"end":{"line":8,"column":54}},"5":{"start":{"line":9,"column":4},"end":{"line":9,"column":55}},"6":{"start":{"line":11,"column":4},"end":{"line":16,"column":5}},"7":{"start":{"line":12,"column":8},"end":{"line":12,"column":76}},"8":{"start":{"line":13,"column":8},"end":{"line":15,"column":11}},"9":{"start":{"line":18,"column":28},"end":{"line":18,"column":60}},"10":{"start":{"line":19,"column":4},"end":{"line":24,"column":5}},"11":{"start":{"line":20,"column":8},"end":{"line":20,"column":71}},"12":{"start":{"line":21,"column":8},"end":{"line":23,"column":11}},"13":{"start":{"line":26,"column":30},"end":{"line":26,"column":62}},"14":{"start":{"line":27,"column":4},"end":{"line":32,"column":5}},"15":{"start":{"line":28,"column":8},"end":{"line":28,"column":98}},"16":{"start":{"line":29,"column":8},"end":{"line":31,"column":11}},"17":{"start":{"line":34,"column":4},"end":{"line":34,"column":11}},"18":{"start":{"line":38,"column":4},"end":{"line":38,"column":43}},"19":{"start":{"line":42,"column":17},"end":{"line":42,"column":57}},"20":{"start":{"line":44,"column":4},"end":{"line":46,"column":5}},"21":{"start":{"line":45,"column":8},"end":{"line":45,"column":21}},"22":{"start":{"line":48,"column":4},"end":{"line":48,"column":16}},"23":{"start":{"line":52,"column":17},"end":{"line":52,"column":57}},"24":{"start":{"line":54,"column":4},"end":{"line":59,"column":5}},"25":{"start":{"line":55,"column":8},"end":{"line":55,"column":20}},"26":{"start":{"line":58,"column":8},"end":{"line":58,"column":21}},"27":{"start":{"line":62,"column":0},"end":{"line":62,"column":41}}},"fnMap":{"0":{"name":"validateLoginMiddleware","decl":{"start":{"line":5,"column":15},"end":{"line":5,"column":38}},"loc":{"start":{"line":5,"column":54},"end":{"line":35,"column":1}},"line":5},"1":{"name":"validateLogin","decl":{"start":{"line":37,"column":15},"end":{"line":37,"column":28}},"loc":{"start":{"line":37,"column":34},"end":{"line":39,"column":1}},"line":37},"2":{"name":"validateUsername","decl":{"start":{"line":41,"column":15},"end":{"line":41,"column":31}},"loc":{"start":{"line":41,"column":37},"end":{"line":49,"column":1}},"line":41},"3":{"name":"validatePassword","decl":{"start":{"line":51,"column":15},"end":{"line":51,"column":31}},"loc":{"start":{"line":51,"column":37},"end":{"line":60,"column":1}},"line":51}},"branchMap":{"0":{"loc":{"start":{"line":11,"column":4},"end":{"line":16,"column":5}},"type":"if","locations":[{"start":{"line":11,"column":4},"end":{"line":16,"column":5}},{"start":{},"end":{}}],"line":11},"1":{"loc":{"start":{"line":19,"column":4},"end":{"line":24,"column":5}},"type":"if","locations":[{"start":{"line":19,"column":4},"end":{"line":24,"column":5}},{"start":{},"end":{}}],"line":19},"2":{"loc":{"start":{"line":27,"column":4},"end":{"line":32,"column":5}},"type":"if","locations":[{"start":{"line":27,"column":4},"end":{"line":32,"column":5}},{"start":{},"end":{}}],"line":27},"3":{"loc":{"start":{"line":38,"column":12},"end":{"line":38,"column":42}},"type":"binary-expr","locations":[{"start":{"line":38,"column":12},"end":{"line":38,"column":25}},{"start":{"line":38,"column":29},"end":{"line":38,"column":42}}],"line":38},"4":{"loc":{"start":{"line":44,"column":4},"end":{"line":46,"column":5}},"type":"if","locations":[{"start":{"line":44,"column":4},"end":{"line":46,"column":5}},{"start":{},"end":{}}],"line":44},"5":{"loc":{"start":{"line":54,"column":4},"end":{"line":59,"column":5}},"type":"if","locations":[{"start":{"line":54,"column":4},"end":{"line":59,"column":5}},{"start":{"line":57,"column":8},"end":{"line":59,"column":5}}],"line":54},"6":{"loc":{"start":{"line":54,"column":7},"end":{"line":54,"column":67}},"type":"binary-expr","locations":[{"start":{"line":54,"column":7},"end":{"line":54,"column":11}},{"start":{"line":54,"column":16},"end":{"line":54,"column":66}}],"line":54}},"s":{"0":1,"1":1,"2":1,"3":1,"4":1,"5":1,"6":1,"7":0,"8":0,"9":1,"10":1,"11":0,"12":0,"13":1,"14":1,"15":0,"16":0,"17":1,"18":1,"19":1,"20":1,"21":0,"22":1,"23":1,"24":1,"25":1,"26":0,"27":1},"f":{"0":1,"1":1,"2":1,"3":1},"b":{"0":[0,1],"1":[0,1],"2":[0,1],"3":[1,1],"4":[0,1],"5":[1,0],"6":[1,1]},"_coverageSchema":"1a1c01bbd47fc00a2c39e90264f33305004495a9","hash":"faf6030e6844c7e6821234df45e6e6c85645f122"}
,"/Users/jeffreyju/Documents/Coding_Project/revature/StudyBuddy/backend/repository/examsDAO.js": {"path":"/Users/jeffreyju/Documents/Coding_Project/revature/StudyBuddy/backend/repository/examsDAO.js","statementMap":{"0":{"start":{"line":1,"column":61},"end":{"line":1,"column":93}},"1":{"start":{"line":2,"column":62},"end":{"line":2,"column":90}},"2":{"start":{"line":3,"column":12},"end":{"line":3,"column":30}},"3":{"start":{"line":4,"column":15},"end":{"line":4,"column":40}},"4":{"start":{"line":6,"column":23},"end":{"line":6,"column":58}},"5":{"start":{"line":7,"column":17},"end":{"line":7,"column":29}},"6":{"start":{"line":10,"column":18},"end":{"line":17,"column":4}},"7":{"start":{"line":19,"column":2},"end":{"line":25,"column":3}},"8":{"start":{"line":20,"column":4},"end":{"line":20,"column":39}},"9":{"start":{"line":21,"column":4},"end":{"line":21,"column":100}},"10":{"start":{"line":23,"column":4},"end":{"line":23,"column":115}},"11":{"start":{"line":24,"column":4},"end":{"line":24,"column":14}},"12":{"start":{"line":29,"column":17},"end":{"line":33,"column":3}},"13":{"start":{"line":35,"column":2},"end":{"line":41,"column":3}},"14":{"start":{"line":36,"column":4},"end":{"line":36,"column":47}},"15":{"start":{"line":37,"column":4},"end":{"line":37,"column":67}},"16":{"start":{"line":39,"column":4},"end":{"line":39,"column":77}},"17":{"start":{"line":40,"column":4},"end":{"line":40,"column":14}},"18":{"start":{"line":45,"column":17},"end":{"line":48,"column":3}},"19":{"start":{"line":50,"column":2},"end":{"line":56,"column":3}},"20":{"start":{"line":51,"column":17},"end":{"line":51,"column":59}},"21":{"start":{"line":52,"column":4},"end":{"line":52,"column":44}},"22":{"start":{"line":54,"column":4},"end":{"line":54,"column":78}},"23":{"start":{"line":55,"column":4},"end":{"line":55,"column":14}},"24":{"start":{"line":61,"column":19},"end":{"line":64,"column":5}},"25":{"start":{"line":66,"column":4},"end":{"line":72,"column":5}},"26":{"start":{"line":67,"column":21},"end":{"line":67,"column":67}},"27":{"start":{"line":68,"column":8},"end":{"line":68,"column":29}},"28":{"start":{"line":70,"column":8},"end":{"line":70,"column":71}},"29":{"start":{"line":71,"column":8},"end":{"line":71,"column":18}},"30":{"start":{"line":78,"column":19},"end":{"line":81,"column":5}},"31":{"start":{"line":83,"column":4},"end":{"line":104,"column":5}},"32":{"start":{"line":84,"column":21},"end":{"line":84,"column":67}},"33":{"start":{"line":86,"column":8},"end":{"line":100,"column":7}},"34":{"start":{"line":87,"column":27},"end":{"line":94,"column":42}},"35":{"start":{"line":88,"column":28},"end":{"line":88,"column":47}},"36":{"start":{"line":90,"column":14},"end":{"line":92,"column":15}},"37":{"start":{"line":91,"column":18},"end":{"line":91,"column":34}},"38":{"start":{"line":93,"column":14},"end":{"line":93,"column":26}},"39":{"start":{"line":94,"column":28},"end":{"line":94,"column":41}},"40":{"start":{"line":96,"column":10},"end":{"line":96,"column":57}},"41":{"start":{"line":97,"column":10},"end":{"line":97,"column":26}},"42":{"start":{"line":99,"column":10},"end":{"line":99,"column":20}},"43":{"start":{"line":102,"column":8},"end":{"line":102,"column":66}},"44":{"start":{"line":103,"column":8},"end":{"line":103,"column":18}},"45":{"start":{"line":108,"column":22},"end":{"line":111,"column":5}},"46":{"start":{"line":113,"column":4},"end":{"line":128,"column":5}},"47":{"start":{"line":114,"column":6},"end":{"line":114,"column":52}},"48":{"start":{"line":116,"column":25},"end":{"line":120,"column":7}},"49":{"start":{"line":122,"column":21},"end":{"line":122,"column":68}},"50":{"start":{"line":124,"column":6},"end":{"line":124,"column":20}},"51":{"start":{"line":126,"column":6},"end":{"line":126,"column":81}},"52":{"start":{"line":127,"column":6},"end":{"line":127,"column":19}},"53":{"start":{"line":131,"column":0},"end":{"line":138,"column":4}}},"fnMap":{"0":{"name":"saveExamSetMetadata","decl":{"start":{"line":9,"column":15},"end":{"line":9,"column":34}},"loc":{"start":{"line":9,"column":59},"end":{"line":26,"column":1}},"line":9},"1":{"name":"saveExamSetToS3","decl":{"start":{"line":28,"column":15},"end":{"line":28,"column":30}},"loc":{"start":{"line":28,"column":72},"end":{"line":42,"column":1}},"line":28},"2":{"name":"getExamSetFromS3","decl":{"start":{"line":44,"column":15},"end":{"line":44,"column":31}},"loc":{"start":{"line":44,"column":60},"end":{"line":57,"column":1}},"line":44},"3":{"name":"getExamSet","decl":{"start":{"line":60,"column":15},"end":{"line":60,"column":25}},"loc":{"start":{"line":60,"column":42},"end":{"line":73,"column":1}},"line":60},"4":{"name":"getAllSets","decl":{"start":{"line":76,"column":15},"end":{"line":76,"column":25}},"loc":{"start":{"line":76,"column":33},"end":{"line":105,"column":1}},"line":76},"5":{"name":"(anonymous_5)","decl":{"start":{"line":87,"column":45},"end":{"line":87,"column":46}},"loc":{"start":{"line":87,"column":53},"end":{"line":94,"column":11}},"line":87},"6":{"name":"(anonymous_6)","decl":{"start":{"line":94,"column":20},"end":{"line":94,"column":21}},"loc":{"start":{"line":94,"column":28},"end":{"line":94,"column":41}},"line":94},"7":{"name":"assignExam","decl":{"start":{"line":107,"column":15},"end":{"line":107,"column":25}},"loc":{"start":{"line":107,"column":65},"end":{"line":129,"column":1}},"line":107}},"branchMap":{"0":{"loc":{"start":{"line":86,"column":8},"end":{"line":100,"column":7}},"type":"if","locations":[{"start":{"line":86,"column":8},"end":{"line":100,"column":7}},{"start":{"line":98,"column":15},"end":{"line":100,"column":7}}],"line":86},"1":{"loc":{"start":{"line":90,"column":14},"end":{"line":92,"column":15}},"type":"if","locations":[{"start":{"line":90,"column":14},"end":{"line":92,"column":15}},{"start":{},"end":{}}],"line":90}},"s":{"0":1,"1":1,"2":1,"3":1,"4":1,"5":1,"6":0,"7":0,"8":0,"9":0,"10":0,"11":0,"12":0,"13":0,"14":0,"15":0,"16":0,"17":0,"18":0,"19":0,"20":0,"21":0,"22":0,"23":0,"24":0,"25":0,"26":0,"27":0,"28":0,"29":0,"30":0,"31":0,"32":0,"33":0,"34":0,"35":0,"36":0,"37":0,"38":0,"39":0,"40":0,"41":0,"42":0,"43":0,"44":0,"45":0,"46":0,"47":0,"48":0,"49":0,"50":0,"51":0,"52":0,"53":1},"f":{"0":0,"1":0,"2":0,"3":0,"4":0,"5":0,"6":0,"7":0},"b":{"0":[0,0],"1":[0,0]},"_coverageSchema":"1a1c01bbd47fc00a2c39e90264f33305004495a9","hash":"3b960082473be6850645849c492615dc43eacd66"}
,"/Users/jeffreyju/Documents/Coding_Project/revature/StudyBuddy/backend/repository/flashcardDAO.js": {"path":"/Users/jeffreyju/Documents/Coding_Project/revature/StudyBuddy/backend/repository/flashcardDAO.js","statementMap":{"0":{"start":{"line":1,"column":61},"end":{"line":1,"column":93}},"1":{"start":{"line":2,"column":62},"end":{"line":2,"column":90}},"2":{"start":{"line":3,"column":12},"end":{"line":3,"column":30}},"3":{"start":{"line":4,"column":15},"end":{"line":4,"column":40}},"4":{"start":{"line":6,"column":23},"end":{"line":6,"column":58}},"5":{"start":{"line":7,"column":17},"end":{"line":7,"column":29}},"6":{"start":{"line":10,"column":18},"end":{"line":17,"column":4}},"7":{"start":{"line":19,"column":2},"end":{"line":25,"column":3}},"8":{"start":{"line":20,"column":4},"end":{"line":20,"column":39}},"9":{"start":{"line":21,"column":4},"end":{"line":21,"column":100}},"10":{"start":{"line":23,"column":4},"end":{"line":23,"column":115}},"11":{"start":{"line":24,"column":4},"end":{"line":24,"column":14}},"12":{"start":{"line":29,"column":17},"end":{"line":33,"column":3}},"13":{"start":{"line":35,"column":2},"end":{"line":41,"column":3}},"14":{"start":{"line":36,"column":4},"end":{"line":36,"column":47}},"15":{"start":{"line":37,"column":4},"end":{"line":37,"column":67}},"16":{"start":{"line":39,"column":4},"end":{"line":39,"column":77}},"17":{"start":{"line":40,"column":4},"end":{"line":40,"column":14}},"18":{"start":{"line":45,"column":17},"end":{"line":49,"column":3}},"19":{"start":{"line":51,"column":2},"end":{"line":65,"column":3}},"20":{"start":{"line":52,"column":19},"end":{"line":52,"column":65}},"21":{"start":{"line":54,"column":24},"end":{"line":58,"column":6}},"22":{"start":{"line":55,"column":25},"end":{"line":55,"column":34}},"23":{"start":{"line":56,"column":20},"end":{"line":56,"column":41}},"24":{"start":{"line":57,"column":6},"end":{"line":57,"column":37}},"25":{"start":{"line":60,"column":4},"end":{"line":60,"column":93}},"26":{"start":{"line":61,"column":4},"end":{"line":61,"column":23}},"27":{"start":{"line":63,"column":4},"end":{"line":63,"column":78}},"28":{"start":{"line":64,"column":4},"end":{"line":64,"column":17}},"29":{"start":{"line":69,"column":17},"end":{"line":72,"column":3}},"30":{"start":{"line":74,"column":2},"end":{"line":81,"column":3}},"31":{"start":{"line":75,"column":19},"end":{"line":75,"column":65}},"32":{"start":{"line":76,"column":4},"end":{"line":76,"column":80}},"33":{"start":{"line":77,"column":4},"end":{"line":77,"column":27}},"34":{"start":{"line":79,"column":4},"end":{"line":79,"column":94}},"35":{"start":{"line":80,"column":4},"end":{"line":80,"column":17}},"36":{"start":{"line":85,"column":2},"end":{"line":123,"column":3}},"37":{"start":{"line":86,"column":26},"end":{"line":89,"column":16}},"38":{"start":{"line":91,"column":18},"end":{"line":91,"column":46}},"39":{"start":{"line":93,"column":26},"end":{"line":98,"column":5}},"40":{"start":{"line":94,"column":6},"end":{"line":97,"column":18}},"41":{"start":{"line":100,"column":20},"end":{"line":100,"column":52}},"42":{"start":{"line":102,"column":20},"end":{"line":102,"column":22}},"43":{"start":{"line":104,"column":4},"end":{"line":117,"column":5}},"44":{"start":{"line":105,"column":19},"end":{"line":105,"column":55}},"45":{"start":{"line":106,"column":6},"end":{"line":109,"column":7}},"46":{"start":{"line":107,"column":8},"end":{"line":107,"column":100}},"47":{"start":{"line":108,"column":8},"end":{"line":108,"column":17}},"48":{"start":{"line":111,"column":6},"end":{"line":116,"column":7}},"49":{"start":{"line":112,"column":21},"end":{"line":112,"column":37}},"50":{"start":{"line":113,"column":8},"end":{"line":113,"column":27}},"51":{"start":{"line":115,"column":8},"end":{"line":115,"column":109}},"52":{"start":{"line":119,"column":4},"end":{"line":119,"column":19}},"53":{"start":{"line":121,"column":4},"end":{"line":121,"column":94}},"54":{"start":{"line":122,"column":4},"end":{"line":122,"column":17}},"55":{"start":{"line":127,"column":0},"end":{"line":133,"column":2}}},"fnMap":{"0":{"name":"saveFlashcardSetMetadata","decl":{"start":{"line":9,"column":15},"end":{"line":9,"column":39}},"loc":{"start":{"line":9,"column":64},"end":{"line":26,"column":1}},"line":9},"1":{"name":"saveFlashcardSetToS3","decl":{"start":{"line":28,"column":15},"end":{"line":28,"column":35}},"loc":{"start":{"line":28,"column":87},"end":{"line":42,"column":1}},"line":28},"2":{"name":"getAllFlashcardSets","decl":{"start":{"line":44,"column":15},"end":{"line":44,"column":34}},"loc":{"start":{"line":44,"column":43},"end":{"line":66,"column":1}},"line":44},"3":{"name":"(anonymous_3)","decl":{"start":{"line":54,"column":50},"end":{"line":54,"column":51}},"loc":{"start":{"line":54,"column":56},"end":{"line":58,"column":5}},"line":54},"4":{"name":"getDetailedSet","decl":{"start":{"line":68,"column":15},"end":{"line":68,"column":29}},"loc":{"start":{"line":68,"column":45},"end":{"line":82,"column":1}},"line":68},"5":{"name":"getSetById","decl":{"start":{"line":84,"column":15},"end":{"line":84,"column":25}},"loc":{"start":{"line":84,"column":47},"end":{"line":124,"column":1}},"line":84},"6":{"name":"(anonymous_6)","decl":{"start":{"line":93,"column":36},"end":{"line":93,"column":37}},"loc":{"start":{"line":94,"column":6},"end":{"line":97,"column":18}},"line":94}},"branchMap":{"0":{"loc":{"start":{"line":91,"column":18},"end":{"line":91,"column":46}},"type":"binary-expr","locations":[{"start":{"line":91,"column":18},"end":{"line":91,"column":40}},{"start":{"line":91,"column":44},"end":{"line":91,"column":46}}],"line":91},"1":{"loc":{"start":{"line":106,"column":6},"end":{"line":109,"column":7}},"type":"if","locations":[{"start":{"line":106,"column":6},"end":{"line":109,"column":7}},{"start":{},"end":{}}],"line":106}},"s":{"0":2,"1":2,"2":2,"3":2,"4":2,"5":2,"6":0,"7":0,"8":0,"9":0,"10":0,"11":0,"12":0,"13":0,"14":0,"15":0,"16":0,"17":0,"18":0,"19":0,"20":0,"21":0,"22":0,"23":0,"24":0,"25":0,"26":0,"27":0,"28":0,"29":0,"30":0,"31":0,"32":0,"33":0,"34":0,"35":0,"36":0,"37":0,"38":0,"39":0,"40":0,"41":0,"42":0,"43":0,"44":0,"45":0,"46":0,"47":0,"48":0,"49":0,"50":0,"51":0,"52":0,"53":0,"54":0,"55":2},"f":{"0":0,"1":0,"2":0,"3":0,"4":0,"5":0,"6":0},"b":{"0":[0,0],"1":[0,0]},"_coverageSchema":"1a1c01bbd47fc00a2c39e90264f33305004495a9","hash":"779684a6dabd331d5eda583a5ed1b48bd5180285"}
,"/Users/jeffreyju/Documents/Coding_Project/revature/StudyBuddy/backend/repository/userDAO.js": {"path":"/Users/jeffreyju/Documents/Coding_Project/revature/StudyBuddy/backend/repository/userDAO.js","statementMap":{"0":{"start":{"line":1,"column":116},"end":{"line":1,"column":148}},"1":{"start":{"line":2,"column":0},"end":{"line":2,"column":27}},"2":{"start":{"line":3,"column":23},"end":{"line":3,"column":38}},"3":{"start":{"line":4,"column":62},"end":{"line":4,"column":90}},"4":{"start":{"line":5,"column":47},"end":{"line":5,"column":76}},"5":{"start":{"line":6,"column":33},"end":{"line":6,"column":66}},"6":{"start":{"line":9,"column":15},"end":{"line":9,"column":40}},"7":{"start":{"line":11,"column":23},"end":{"line":11,"column":58}},"8":{"start":{"line":14,"column":20},"end":{"line":21,"column":6}},"9":{"start":{"line":23,"column":4},"end":{"line":33,"column":5}},"10":{"start":{"line":24,"column":23},"end":{"line":24,"column":57}},"11":{"start":{"line":25,"column":8},"end":{"line":29,"column":9}},"12":{"start":{"line":26,"column":12},"end":{"line":26,"column":35}},"13":{"start":{"line":28,"column":12},"end":{"line":28,"column":24}},"14":{"start":{"line":31,"column":8},"end":{"line":31,"column":49}},"15":{"start":{"line":32,"column":8},"end":{"line":32,"column":20}},"16":{"start":{"line":37,"column":19},"end":{"line":37,"column":37}},"17":{"start":{"line":38,"column":20},"end":{"line":38,"column":29}},"18":{"start":{"line":39,"column":23},"end":{"line":39,"column":29}},"19":{"start":{"line":41,"column":20},"end":{"line":51,"column":6}},"20":{"start":{"line":53,"column":4},"end":{"line":60,"column":5}},"21":{"start":{"line":54,"column":8},"end":{"line":54,"column":43}},"22":{"start":{"line":55,"column":8},"end":{"line":55,"column":62}},"23":{"start":{"line":56,"column":8},"end":{"line":56,"column":28}},"24":{"start":{"line":58,"column":8},"end":{"line":58,"column":50}},"25":{"start":{"line":59,"column":8},"end":{"line":59,"column":48}},"26":{"start":{"line":64,"column":4},"end":{"line":66,"column":5}},"27":{"start":{"line":65,"column":8},"end":{"line":65,"column":61}},"28":{"start":{"line":68,"column":20},"end":{"line":68,"column":22}},"29":{"start":{"line":69,"column":27},"end":{"line":69,"column":32}},"30":{"start":{"line":70,"column":38},"end":{"line":70,"column":40}},"31":{"start":{"line":72,"column":4},"end":{"line":76,"column":5}},"32":{"start":{"line":73,"column":8},"end":{"line":73,"column":53}},"33":{"start":{"line":74,"column":8},"end":{"line":74,"column":61}},"34":{"start":{"line":75,"column":8},"end":{"line":75,"column":39}},"35":{"start":{"line":78,"column":4},"end":{"line":82,"column":5}},"36":{"start":{"line":79,"column":8},"end":{"line":79,"column":53}},"37":{"start":{"line":80,"column":8},"end":{"line":80,"column":61}},"38":{"start":{"line":81,"column":8},"end":{"line":81,"column":39}},"39":{"start":{"line":84,"column":4},"end":{"line":84,"column":53}},"40":{"start":{"line":86,"column":4},"end":{"line":89,"column":5}},"41":{"start":{"line":87,"column":8},"end":{"line":87,"column":53}},"42":{"start":{"line":88,"column":8},"end":{"line":88,"column":60}},"43":{"start":{"line":91,"column":19},"end":{"line":100,"column":5}},"44":{"start":{"line":102,"column":20},"end":{"line":102,"column":45}},"45":{"start":{"line":104,"column":4},"end":{"line":111,"column":5}},"46":{"start":{"line":105,"column":21},"end":{"line":105,"column":55}},"47":{"start":{"line":106,"column":8},"end":{"line":106,"column":68}},"48":{"start":{"line":107,"column":8},"end":{"line":107,"column":31}},"49":{"start":{"line":109,"column":8},"end":{"line":109,"column":50}},"50":{"start":{"line":110,"column":8},"end":{"line":110,"column":46}},"51":{"start":{"line":117,"column":20},"end":{"line":123,"column":6}},"52":{"start":{"line":125,"column":4},"end":{"line":132,"column":5}},"53":{"start":{"line":126,"column":8},"end":{"line":126,"column":43}},"54":{"start":{"line":127,"column":8},"end":{"line":127,"column":68}},"55":{"start":{"line":128,"column":8},"end":{"line":128,"column":57}},"56":{"start":{"line":130,"column":8},"end":{"line":130,"column":50}},"57":{"start":{"line":131,"column":8},"end":{"line":131,"column":48}},"58":{"start":{"line":136,"column":20},"end":{"line":141,"column":6}},"59":{"start":{"line":143,"column":4},"end":{"line":143,"column":39}},"60":{"start":{"line":147,"column":20},"end":{"line":147,"column":52}},"61":{"start":{"line":149,"column":20},"end":{"line":154,"column":6}},"62":{"start":{"line":156,"column":4},"end":{"line":162,"column":5}},"63":{"start":{"line":157,"column":8},"end":{"line":157,"column":31}},"64":{"start":{"line":158,"column":8},"end":{"line":158,"column":23}},"65":{"start":{"line":160,"column":8},"end":{"line":160,"column":68}},"66":{"start":{"line":161,"column":8},"end":{"line":161,"column":63}},"67":{"start":{"line":166,"column":20},"end":{"line":169,"column":6}},"68":{"start":{"line":171,"column":4},"end":{"line":177,"column":5}},"69":{"start":{"line":172,"column":26},"end":{"line":172,"column":57}},"70":{"start":{"line":173,"column":8},"end":{"line":173,"column":25}},"71":{"start":{"line":175,"column":8},"end":{"line":175,"column":71}},"72":{"start":{"line":176,"column":8},"end":{"line":176,"column":68}},"73":{"start":{"line":181,"column":17},"end":{"line":181,"column":40}},"74":{"start":{"line":182,"column":19},"end":{"line":182,"column":31}},"75":{"start":{"line":184,"column":20},"end":{"line":188,"column":6}},"76":{"start":{"line":190,"column":4},"end":{"line":196,"column":5}},"77":{"start":{"line":191,"column":23},"end":{"line":191,"column":45}},"78":{"start":{"line":192,"column":8},"end":{"line":192,"column":22}},"79":{"start":{"line":194,"column":8},"end":{"line":194,"column":57}},"80":{"start":{"line":195,"column":8},"end":{"line":195,"column":21}},"81":{"start":{"line":199,"column":0},"end":{"line":208,"column":2}}},"fnMap":{"0":{"name":"getUser","decl":{"start":{"line":13,"column":15},"end":{"line":13,"column":22}},"loc":{"start":{"line":13,"column":33},"end":{"line":34,"column":1}},"line":13},"1":{"name":"createUser","decl":{"start":{"line":36,"column":15},"end":{"line":36,"column":25}},"loc":{"start":{"line":36,"column":52},"end":{"line":61,"column":1}},"line":36},"2":{"name":"updateUser","decl":{"start":{"line":63,"column":15},"end":{"line":63,"column":25}},"loc":{"start":{"line":63,"column":60},"end":{"line":112,"column":1}},"line":63},"3":{"name":"deleteUser","decl":{"start":{"line":116,"column":15},"end":{"line":116,"column":25}},"loc":{"start":{"line":116,"column":34},"end":{"line":133,"column":1}},"line":116},"4":{"name":"updateUserProfilePicture","decl":{"start":{"line":135,"column":15},"end":{"line":135,"column":39}},"loc":{"start":{"line":135,"column":57},"end":{"line":144,"column":1}},"line":135},"5":{"name":"uploadProfilePictureToS3","decl":{"start":{"line":146,"column":15},"end":{"line":146,"column":39}},"loc":{"start":{"line":146,"column":70},"end":{"line":163,"column":1}},"line":146},"6":{"name":"getProfilePictureFromS3","decl":{"start":{"line":165,"column":15},"end":{"line":165,"column":38}},"loc":{"start":{"line":165,"column":48},"end":{"line":178,"column":1}},"line":165},"7":{"name":"createSet","decl":{"start":{"line":180,"column":15},"end":{"line":180,"column":24}},"loc":{"start":{"line":180,"column":43},"end":{"line":197,"column":1}},"line":180}},"branchMap":{"0":{"loc":{"start":{"line":25,"column":8},"end":{"line":29,"column":9}},"type":"if","locations":[{"start":{"line":25,"column":8},"end":{"line":29,"column":9}},{"start":{"line":27,"column":15},"end":{"line":29,"column":9}}],"line":25},"1":{"loc":{"start":{"line":25,"column":12},"end":{"line":25,"column":51}},"type":"binary-expr","locations":[{"start":{"line":25,"column":12},"end":{"line":25,"column":24}},{"start":{"line":25,"column":28},"end":{"line":25,"column":51}}],"line":25},"2":{"loc":{"start":{"line":64,"column":4},"end":{"line":66,"column":5}},"type":"if","locations":[{"start":{"line":64,"column":4},"end":{"line":66,"column":5}},{"start":{},"end":{}}],"line":64},"3":{"loc":{"start":{"line":72,"column":4},"end":{"line":76,"column":5}},"type":"if","locations":[{"start":{"line":72,"column":4},"end":{"line":76,"column":5}},{"start":{},"end":{}}],"line":72},"4":{"loc":{"start":{"line":78,"column":4},"end":{"line":82,"column":5}},"type":"if","locations":[{"start":{"line":78,"column":4},"end":{"line":82,"column":5}},{"start":{},"end":{}}],"line":78},"5":{"loc":{"start":{"line":86,"column":4},"end":{"line":89,"column":5}},"type":"if","locations":[{"start":{"line":86,"column":4},"end":{"line":89,"column":5}},{"start":{},"end":{}}],"line":86}},"s":{"0":3,"1":3,"2":3,"3":3,"4":3,"5":3,"6":3,"7":3,"8":0,"9":0,"10":0,"11":0,"12":0,"13":0,"14":0,"15":0,"16":0,"17":0,"18":0,"19":0,"20":0,"21":0,"22":0,"23":0,"24":0,"25":0,"26":0,"27":0,"28":0,"29":0,"30":0,"31":0,"32":0,"33":0,"34":0,"35":0,"36":0,"37":0,"38":0,"39":0,"40":0,"41":0,"42":0,"43":0,"44":0,"45":0,"46":0,"47":0,"48":0,"49":0,"50":0,"51":0,"52":0,"53":0,"54":0,"55":0,"56":0,"57":0,"58":0,"59":0,"60":0,"61":0,"62":0,"63":0,"64":0,"65":0,"66":0,"67":0,"68":0,"69":0,"70":0,"71":0,"72":0,"73":0,"74":0,"75":0,"76":0,"77":0,"78":0,"79":0,"80":0,"81":3},"f":{"0":0,"1":0,"2":0,"3":0,"4":0,"5":0,"6":0,"7":0},"b":{"0":[0,0],"1":[0,0],"2":[0,0],"3":[0,0],"4":[0,0],"5":[0,0]},"_coverageSchema":"1a1c01bbd47fc00a2c39e90264f33305004495a9","hash":"edd99c0cf623d3eaeab52280c9081e7121c111da"}
,"/Users/jeffreyju/Documents/Coding_Project/revature/StudyBuddy/backend/service/examsService.js": {"path":"/Users/jeffreyju/Documents/Coding_Project/revature/StudyBuddy/backend/service/examsService.js","statementMap":{"0":{"start":{"line":1,"column":16},"end":{"line":1,"column":49}},"1":{"start":{"line":2,"column":23},"end":{"line":2,"column":38}},"2":{"start":{"line":3,"column":15},"end":{"line":3,"column":40}},"3":{"start":{"line":6,"column":16},"end":{"line":6,"column":24}},"4":{"start":{"line":7,"column":22},"end":{"line":7,"column":46}},"5":{"start":{"line":9,"column":2},"end":{"line":9,"column":70}},"6":{"start":{"line":11,"column":2},"end":{"line":11,"column":73}},"7":{"start":{"line":12,"column":2},"end":{"line":12,"column":64}},"8":{"start":{"line":14,"column":2},"end":{"line":14,"column":82}},"9":{"start":{"line":15,"column":2},"end":{"line":15,"column":15}},"10":{"start":{"line":19,"column":19},"end":{"line":19,"column":77}},"11":{"start":{"line":20,"column":23},"end":{"line":20,"column":36}},"12":{"start":{"line":22,"column":21},"end":{"line":22,"column":22}},"13":{"start":{"line":23,"column":25},"end":{"line":23,"column":44}},"14":{"start":{"line":25,"column":2},"end":{"line":33,"column":3}},"15":{"start":{"line":25,"column":15},"end":{"line":25,"column":16}},"16":{"start":{"line":26,"column":29},"end":{"line":26,"column":44}},"17":{"start":{"line":27,"column":26},"end":{"line":27,"column":83}},"18":{"start":{"line":27,"column":63},"end":{"line":27,"column":76}},"19":{"start":{"line":28,"column":23},"end":{"line":28,"column":37}},"20":{"start":{"line":30,"column":4},"end":{"line":32,"column":5}},"21":{"start":{"line":31,"column":6},"end":{"line":31,"column":21}},"22":{"start":{"line":35,"column":2},"end":{"line":39,"column":4}},"23":{"start":{"line":43,"column":19},"end":{"line":43,"column":78}},"24":{"start":{"line":46,"column":21},"end":{"line":49,"column":5}},"25":{"start":{"line":46,"column":45},"end":{"line":49,"column":3}},"26":{"start":{"line":48,"column":33},"end":{"line":48,"column":49}},"27":{"start":{"line":51,"column":2},"end":{"line":51,"column":30}},"28":{"start":{"line":55,"column":25},"end":{"line":55,"column":88}},"29":{"start":{"line":58,"column":4},"end":{"line":60,"column":5}},"30":{"start":{"line":59,"column":6},"end":{"line":59,"column":19}},"31":{"start":{"line":62,"column":4},"end":{"line":62,"column":24}},"32":{"start":{"line":66,"column":19},"end":{"line":66,"column":51}},"33":{"start":{"line":68,"column":4},"end":{"line":68,"column":18}},"34":{"start":{"line":72,"column":20},"end":{"line":72,"column":61}},"35":{"start":{"line":74,"column":4},"end":{"line":74,"column":19}},"36":{"start":{"line":77,"column":0},"end":{"line":77,"column":88}}},"fnMap":{"0":{"name":"saveExams","decl":{"start":{"line":5,"column":15},"end":{"line":5,"column":24}},"loc":{"start":{"line":5,"column":52},"end":{"line":16,"column":1}},"line":5},"1":{"name":"scoreExam","decl":{"start":{"line":18,"column":15},"end":{"line":18,"column":24}},"loc":{"start":{"line":18,"column":66},"end":{"line":40,"column":1}},"line":18},"2":{"name":"(anonymous_2)","decl":{"start":{"line":27,"column":56},"end":{"line":27,"column":57}},"loc":{"start":{"line":27,"column":63},"end":{"line":27,"column":76}},"line":27},"3":{"name":"takeExam","decl":{"start":{"line":42,"column":15},"end":{"line":42,"column":23}},"loc":{"start":{"line":42,"column":53},"end":{"line":52,"column":1}},"line":42},"4":{"name":"(anonymous_4)","decl":{"start":{"line":46,"column":39},"end":{"line":46,"column":40}},"loc":{"start":{"line":46,"column":45},"end":{"line":49,"column":3}},"line":46},"5":{"name":"(anonymous_5)","decl":{"start":{"line":48,"column":27},"end":{"line":48,"column":28}},"loc":{"start":{"line":48,"column":33},"end":{"line":48,"column":49}},"line":48},"6":{"name":"assignExam","decl":{"start":{"line":54,"column":15},"end":{"line":54,"column":25}},"loc":{"start":{"line":54,"column":65},"end":{"line":63,"column":1}},"line":54},"7":{"name":"getAllSets","decl":{"start":{"line":65,"column":15},"end":{"line":65,"column":25}},"loc":{"start":{"line":65,"column":33},"end":{"line":69,"column":1}},"line":65},"8":{"name":"getExamSet","decl":{"start":{"line":71,"column":15},"end":{"line":71,"column":25}},"loc":{"start":{"line":71,"column":42},"end":{"line":75,"column":1}},"line":71}},"branchMap":{"0":{"loc":{"start":{"line":30,"column":4},"end":{"line":32,"column":5}},"type":"if","locations":[{"start":{"line":30,"column":4},"end":{"line":32,"column":5}},{"start":{},"end":{}}],"line":30},"1":{"loc":{"start":{"line":58,"column":4},"end":{"line":60,"column":5}},"type":"if","locations":[{"start":{"line":58,"column":4},"end":{"line":60,"column":5}},{"start":{},"end":{}}],"line":58}},"s":{"0":1,"1":1,"2":1,"3":0,"4":0,"5":0,"6":0,"7":0,"8":0,"9":0,"10":0,"11":0,"12":0,"13":0,"14":0,"15":0,"16":0,"17":0,"18":0,"19":0,"20":0,"21":0,"22":0,"23":0,"24":0,"25":0,"26":0,"27":0,"28":0,"29":0,"30":0,"31":0,"32":0,"33":0,"34":0,"35":0,"36":1},"f":{"0":0,"1":0,"2":0,"3":0,"4":0,"5":0,"6":0,"7":0,"8":0},"b":{"0":[0,0],"1":[0,0]},"_coverageSchema":"1a1c01bbd47fc00a2c39e90264f33305004495a9","hash":"d0210690e271896e79e2d133f08c4bfecc0ad41a"}
,"/Users/jeffreyju/Documents/Coding_Project/revature/StudyBuddy/backend/service/flashcardService.js": {"path":"/Users/jeffreyju/Documents/Coding_Project/revature/StudyBuddy/backend/service/flashcardService.js","statementMap":{"0":{"start":{"line":1,"column":21},"end":{"line":1,"column":58}},"1":{"start":{"line":2,"column":23},"end":{"line":2,"column":38}},"2":{"start":{"line":3,"column":15},"end":{"line":3,"column":40}},"3":{"start":{"line":6,"column":16},"end":{"line":6,"column":24}},"4":{"start":{"line":7,"column":27},"end":{"line":7,"column":57}},"5":{"start":{"line":9,"column":2},"end":{"line":9,"column":80}},"6":{"start":{"line":11,"column":2},"end":{"line":11,"column":93}},"7":{"start":{"line":12,"column":2},"end":{"line":12,"column":79}},"8":{"start":{"line":14,"column":2},"end":{"line":14,"column":92}},"9":{"start":{"line":15,"column":2},"end":{"line":15,"column":15}},"10":{"start":{"line":19,"column":24},"end":{"line":19,"column":70}},"11":{"start":{"line":21,"column":2},"end":{"line":24,"column":3}},"12":{"start":{"line":22,"column":4},"end":{"line":22,"column":63}},"13":{"start":{"line":23,"column":4},"end":{"line":23,"column":17}},"14":{"start":{"line":26,"column":2},"end":{"line":26,"column":23}},"15":{"start":{"line":30,"column":22},"end":{"line":30,"column":70}},"16":{"start":{"line":32,"column":2},"end":{"line":35,"column":3}},"17":{"start":{"line":33,"column":4},"end":{"line":33,"column":82}},"18":{"start":{"line":34,"column":4},"end":{"line":34,"column":17}},"19":{"start":{"line":37,"column":2},"end":{"line":37,"column":21}},"20":{"start":{"line":41,"column":23},"end":{"line":41,"column":73}},"21":{"start":{"line":43,"column":2},"end":{"line":46,"column":3}},"22":{"start":{"line":44,"column":4},"end":{"line":44,"column":88}},"23":{"start":{"line":45,"column":4},"end":{"line":45,"column":17}},"24":{"start":{"line":48,"column":2},"end":{"line":48,"column":22}},"25":{"start":{"line":51,"column":0},"end":{"line":51,"column":85}}},"fnMap":{"0":{"name":"saveFlashcards","decl":{"start":{"line":5,"column":15},"end":{"line":5,"column":29}},"loc":{"start":{"line":5,"column":68},"end":{"line":16,"column":1}},"line":5},"1":{"name":"getAllFlashcardSets","decl":{"start":{"line":18,"column":15},"end":{"line":18,"column":34}},"loc":{"start":{"line":18,"column":43},"end":{"line":27,"column":1}},"line":18},"2":{"name":"getDetailedSet","decl":{"start":{"line":29,"column":15},"end":{"line":29,"column":29}},"loc":{"start":{"line":29,"column":45},"end":{"line":38,"column":1}},"line":29},"3":{"name":"getSetById","decl":{"start":{"line":40,"column":15},"end":{"line":40,"column":25}},"loc":{"start":{"line":40,"column":47},"end":{"line":49,"column":1}},"line":40}},"branchMap":{"0":{"loc":{"start":{"line":21,"column":2},"end":{"line":24,"column":3}},"type":"if","locations":[{"start":{"line":21,"column":2},"end":{"line":24,"column":3}},{"start":{},"end":{}}],"line":21},"1":{"loc":{"start":{"line":32,"column":2},"end":{"line":35,"column":3}},"type":"if","locations":[{"start":{"line":32,"column":2},"end":{"line":35,"column":3}},{"start":{},"end":{}}],"line":32},"2":{"loc":{"start":{"line":43,"column":2},"end":{"line":46,"column":3}},"type":"if","locations":[{"start":{"line":43,"column":2},"end":{"line":46,"column":3}},{"start":{},"end":{}}],"line":43}},"s":{"0":2,"1":2,"2":2,"3":3,"4":3,"5":3,"6":3,"7":2,"8":1,"9":1,"10":3,"11":2,"12":1,"13":1,"14":1,"15":0,"16":0,"17":0,"18":0,"19":0,"20":3,"21":2,"22":1,"23":1,"24":1,"25":2},"f":{"0":3,"1":3,"2":0,"3":3},"b":{"0":[1,1],"1":[0,0],"2":[1,1]},"_coverageSchema":"1a1c01bbd47fc00a2c39e90264f33305004495a9","hash":"da302172bc03cefc57fa36ce5edc0631be8cb339"}
,"/Users/jeffreyju/Documents/Coding_Project/revature/StudyBuddy/backend/service/userService.js": {"path":"/Users/jeffreyju/Documents/Coding_Project/revature/StudyBuddy/backend/service/userService.js","statementMap":{"0":{"start":{"line":1,"column":16},"end":{"line":1,"column":48}},"1":{"start":{"line":2,"column":15},"end":{"line":2,"column":32}},"2":{"start":{"line":3,"column":15},"end":{"line":3,"column":40}},"3":{"start":{"line":5,"column":19},"end":{"line":5,"column":21}},"4":{"start":{"line":8,"column":4},"end":{"line":8,"column":60}},"5":{"start":{"line":9,"column":19},"end":{"line":9,"column":50}},"6":{"start":{"line":11,"column":4},"end":{"line":14,"column":5}},"7":{"start":{"line":12,"column":8},"end":{"line":12,"column":51}},"8":{"start":{"line":13,"column":8},"end":{"line":13,"column":20}},"9":{"start":{"line":16,"column":4},"end":{"line":16,"column":18}},"10":{"start":{"line":20,"column":4},"end":{"line":20,"column":46}},"11":{"start":{"line":21,"column":27},"end":{"line":21,"column":66}},"12":{"start":{"line":23,"column":4},"end":{"line":30,"column":5}},"13":{"start":{"line":24,"column":23},"end":{"line":24,"column":79}},"14":{"start":{"line":25,"column":8},"end":{"line":25,"column":62}},"15":{"start":{"line":26,"column":8},"end":{"line":26,"column":22}},"16":{"start":{"line":28,"column":8},"end":{"line":28,"column":72}},"17":{"start":{"line":29,"column":8},"end":{"line":29,"column":18}},"18":{"start":{"line":34,"column":4},"end":{"line":34,"column":52}},"19":{"start":{"line":35,"column":27},"end":{"line":35,"column":66}},"20":{"start":{"line":36,"column":19},"end":{"line":36,"column":77}},"21":{"start":{"line":38,"column":4},"end":{"line":38,"column":63}},"22":{"start":{"line":39,"column":4},"end":{"line":39,"column":18}},"23":{"start":{"line":43,"column":4},"end":{"line":43,"column":52}},"24":{"start":{"line":44,"column":4},"end":{"line":51,"column":5}},"25":{"start":{"line":45,"column":23},"end":{"line":45,"column":55}},"26":{"start":{"line":46,"column":8},"end":{"line":46,"column":54}},"27":{"start":{"line":47,"column":8},"end":{"line":47,"column":22}},"28":{"start":{"line":49,"column":8},"end":{"line":49,"column":70}},"29":{"start":{"line":50,"column":8},"end":{"line":50,"column":18}},"30":{"start":{"line":55,"column":4},"end":{"line":55,"column":63}},"31":{"start":{"line":56,"column":4},"end":{"line":56,"column":67}},"32":{"start":{"line":60,"column":4},"end":{"line":60,"column":70}},"33":{"start":{"line":61,"column":4},"end":{"line":61,"column":80}},"34":{"start":{"line":65,"column":4},"end":{"line":65,"column":65}},"35":{"start":{"line":66,"column":4},"end":{"line":66,"column":58}},"36":{"start":{"line":70,"column":4},"end":{"line":70,"column":79}},"37":{"start":{"line":71,"column":19},"end":{"line":71,"column":60}},"38":{"start":{"line":73,"column":4},"end":{"line":76,"column":5}},"39":{"start":{"line":74,"column":8},"end":{"line":74,"column":77}},"40":{"start":{"line":75,"column":8},"end":{"line":75,"column":21}},"41":{"start":{"line":78,"column":4},"end":{"line":78,"column":74}},"42":{"start":{"line":79,"column":4},"end":{"line":79,"column":18}},"43":{"start":{"line":82,"column":0},"end":{"line":83,"column":46}}},"fnMap":{"0":{"name":"getUser","decl":{"start":{"line":7,"column":15},"end":{"line":7,"column":22}},"loc":{"start":{"line":7,"column":32},"end":{"line":17,"column":1}},"line":7},"1":{"name":"createUser","decl":{"start":{"line":19,"column":15},"end":{"line":19,"column":25}},"loc":{"start":{"line":19,"column":52},"end":{"line":31,"column":1}},"line":19},"2":{"name":"updateUser","decl":{"start":{"line":33,"column":15},"end":{"line":33,"column":25}},"loc":{"start":{"line":33,"column":53},"end":{"line":40,"column":1}},"line":33},"3":{"name":"deleteUser","decl":{"start":{"line":42,"column":15},"end":{"line":42,"column":25}},"loc":{"start":{"line":42,"column":34},"end":{"line":52,"column":1}},"line":42},"4":{"name":"updateUserProfilePicture","decl":{"start":{"line":54,"column":15},"end":{"line":54,"column":39}},"loc":{"start":{"line":54,"column":57},"end":{"line":57,"column":1}},"line":54},"5":{"name":"uploadUserProfilePictureToS3","decl":{"start":{"line":59,"column":15},"end":{"line":59,"column":43}},"loc":{"start":{"line":59,"column":74},"end":{"line":62,"column":1}},"line":59},"6":{"name":"getProfilePicture","decl":{"start":{"line":64,"column":15},"end":{"line":64,"column":32}},"loc":{"start":{"line":64,"column":42},"end":{"line":67,"column":1}},"line":64},"7":{"name":"createSet","decl":{"start":{"line":69,"column":15},"end":{"line":69,"column":24}},"loc":{"start":{"line":69,"column":42},"end":{"line":80,"column":1}},"line":69}},"branchMap":{"0":{"loc":{"start":{"line":11,"column":4},"end":{"line":14,"column":5}},"type":"if","locations":[{"start":{"line":11,"column":4},"end":{"line":14,"column":5}},{"start":{},"end":{}}],"line":11},"1":{"loc":{"start":{"line":73,"column":4},"end":{"line":76,"column":5}},"type":"if","locations":[{"start":{"line":73,"column":4},"end":{"line":76,"column":5}},{"start":{},"end":{}}],"line":73}},"s":{"0":3,"1":3,"2":3,"3":3,"4":2,"5":2,"6":2,"7":1,"8":1,"9":1,"10":1,"11":1,"12":1,"13":1,"14":1,"15":1,"16":0,"17":0,"18":2,"19":2,"20":2,"21":2,"22":2,"23":1,"24":1,"25":1,"26":1,"27":1,"28":0,"29":0,"30":0,"31":0,"32":0,"33":0,"34":0,"35":0,"36":0,"37":0,"38":0,"39":0,"40":0,"41":0,"42":0,"43":3},"f":{"0":2,"1":1,"2":2,"3":1,"4":0,"5":0,"6":0,"7":0},"b":{"0":[1,1],"1":[0,0]},"_coverageSchema":"1a1c01bbd47fc00a2c39e90264f33305004495a9","hash":"07dc70774e08f71213fcadf448fb1ccdf126b023"}
,"/Users/jeffreyju/Documents/Coding_Project/revature/StudyBuddy/backend/util/awsClient.js": {"path":"/Users/jeffreyju/Documents/Coding_Project/revature/StudyBuddy/backend/util/awsClient.js","statementMap":{"0":{"start":{"line":1,"column":21},"end":{"line":1,"column":50}},"1":{"start":{"line":2,"column":25},"end":{"line":2,"column":65}},"2":{"start":{"line":3,"column":27},"end":{"line":3,"column":62}},"3":{"start":{"line":5,"column":11},"end":{"line":11,"column":2}},"4":{"start":{"line":13,"column":15},"end":{"line":19,"column":2}},"5":{"start":{"line":21,"column":20},"end":{"line":21,"column":43}},"6":{"start":{"line":23,"column":19},"end":{"line":23,"column":30}},"7":{"start":{"line":25,"column":0},"end":{"line":25,"column":71}}},"fnMap":{},"branchMap":{"0":{"loc":{"start":{"line":6,"column":12},"end":{"line":6,"column":49}},"type":"binary-expr","locations":[{"start":{"line":6,"column":12},"end":{"line":6,"column":34}},{"start":{"line":6,"column":38},"end":{"line":6,"column":49}}],"line":6},"1":{"loc":{"start":{"line":14,"column":12},"end":{"line":14,"column":49}},"type":"binary-expr","locations":[{"start":{"line":14,"column":12},"end":{"line":14,"column":34}},{"start":{"line":14,"column":38},"end":{"line":14,"column":49}}],"line":14}},"s":{"0":6,"1":6,"2":6,"3":6,"4":6,"5":6,"6":6,"7":6},"f":{},"b":{"0":[6,3],"1":[6,3]},"_coverageSchema":"1a1c01bbd47fc00a2c39e90264f33305004495a9","hash":"eeeb3e94bfeef920fb5ee11ffa0263d339c2b39d"}
,"/Users/jeffreyju/Documents/Coding_Project/revature/StudyBuddy/backend/util/geminiPrompt.js": {"path":"/Users/jeffreyju/Documents/Coding_Project/revature/StudyBuddy/backend/util/geminiPrompt.js","statementMap":{"0":{"start":{"line":2,"column":28},"end":{"line":28,"column":1}},"1":{"start":{"line":4,"column":17},"end":{"line":25,"column":1}},"2":{"start":{"line":27,"column":4},"end":{"line":27,"column":18}},"3":{"start":{"line":31,"column":23},"end":{"line":69,"column":1}},"4":{"start":{"line":32,"column":15},"end":{"line":66,"column":18}},"5":{"start":{"line":68,"column":4},"end":{"line":68,"column":18}},"6":{"start":{"line":106,"column":0},"end":{"line":106,"column":57}}},"fnMap":{"0":{"name":"(anonymous_0)","decl":{"start":{"line":2,"column":28},"end":{"line":2,"column":29}},"loc":{"start":{"line":2,"column":43},"end":{"line":28,"column":1}},"line":2},"1":{"name":"(anonymous_1)","decl":{"start":{"line":31,"column":23},"end":{"line":31,"column":24}},"loc":{"start":{"line":31,"column":38},"end":{"line":69,"column":1}},"line":31}},"branchMap":{},"s":{"0":1,"1":0,"2":0,"3":1,"4":0,"5":0,"6":1},"f":{"0":0,"1":0},"b":{},"_coverageSchema":"1a1c01bbd47fc00a2c39e90264f33305004495a9","hash":"bab6f715c314cf72b2d916ce88cfbf25afdd084e"}
,"/Users/jeffreyju/Documents/Coding_Project/revature/StudyBuddy/backend/util/jwt.js": {"path":"/Users/jeffreyju/Documents/Coding_Project/revature/StudyBuddy/backend/util/jwt.js","statementMap":{"0":{"start":{"line":1,"column":12},"end":{"line":1,"column":35}},"1":{"start":{"line":2,"column":25},"end":{"line":2,"column":47}},"2":{"start":{"line":5,"column":23},"end":{"line":5,"column":51}},"3":{"start":{"line":6,"column":18},"end":{"line":6,"column":56}},"4":{"start":{"line":8,"column":4},"end":{"line":8,"column":43}},"5":{"start":{"line":10,"column":4},"end":{"line":12,"column":5}},"6":{"start":{"line":11,"column":8},"end":{"line":11,"column":68}},"7":{"start":{"line":14,"column":17},"end":{"line":14,"column":39}},"8":{"start":{"line":15,"column":4},"end":{"line":17,"column":5}},"9":{"start":{"line":16,"column":8},"end":{"line":16,"column":65}},"10":{"start":{"line":19,"column":4},"end":{"line":19,"column":20}},"11":{"start":{"line":20,"column":4},"end":{"line":20,"column":11}},"12":{"start":{"line":24,"column":22},"end":{"line":24,"column":42}},"13":{"start":{"line":25,"column":4},"end":{"line":31,"column":5}},"14":{"start":{"line":26,"column":8},"end":{"line":26,"column":44}},"15":{"start":{"line":29,"column":8},"end":{"line":29,"column":27}},"16":{"start":{"line":30,"column":8},"end":{"line":30,"column":20}},"17":{"start":{"line":34,"column":0},"end":{"line":34,"column":35}}},"fnMap":{"0":{"name":"authenticateToken","decl":{"start":{"line":4,"column":15},"end":{"line":4,"column":32}},"loc":{"start":{"line":4,"column":48},"end":{"line":21,"column":1}},"line":4},"1":{"name":"decodeJWT","decl":{"start":{"line":23,"column":15},"end":{"line":23,"column":24}},"loc":{"start":{"line":23,"column":31},"end":{"line":32,"column":1}},"line":23}},"branchMap":{"0":{"loc":{"start":{"line":6,"column":18},"end":{"line":6,"column":56}},"type":"binary-expr","locations":[{"start":{"line":6,"column":18},"end":{"line":6,"column":28}},{"start":{"line":6,"column":32},"end":{"line":6,"column":56}}],"line":6},"1":{"loc":{"start":{"line":10,"column":4},"end":{"line":12,"column":5}},"type":"if","locations":[{"start":{"line":10,"column":4},"end":{"line":12,"column":5}},{"start":{},"end":{}}],"line":10},"2":{"loc":{"start":{"line":15,"column":4},"end":{"line":17,"column":5}},"type":"if","locations":[{"start":{"line":15,"column":4},"end":{"line":17,"column":5}},{"start":{},"end":{}}],"line":15}},"s":{"0":3,"1":3,"2":1,"3":1,"4":1,"5":1,"6":0,"7":1,"8":1,"9":0,"10":1,"11":1,"12":1,"13":1,"14":1,"15":0,"16":0,"17":3},"f":{"0":1,"1":1},"b":{"0":[1,1],"1":[0,1],"2":[0,1]},"_coverageSchema":"1a1c01bbd47fc00a2c39e90264f33305004495a9","hash":"69e222c8361caf2350641dad6248f3beace76eaa"}
,"/Users/jeffreyju/Documents/Coding_Project/revature/StudyBuddy/backend/util/logger.js": {"path":"/Users/jeffreyju/Documents/Coding_Project/revature/StudyBuddy/backend/util/logger.js","statementMap":{"0":{"start":{"line":2,"column":16},"end":{"line":2,"column":34}},"1":{"start":{"line":4,"column":15},"end":{"line":16,"column":2}},"2":{"start":{"line":9,"column":6},"end":{"line":9,"column":65}},"3":{"start":{"line":18,"column":0},"end":{"line":18,"column":24}}},"fnMap":{"0":{"name":"(anonymous_0)","decl":{"start":{"line":8,"column":26},"end":{"line":8,"column":27}},"loc":{"start":{"line":8,"column":61},"end":{"line":10,"column":5}},"line":8}},"branchMap":{},"s":{"0":10,"1":10,"2":35,"3":10},"f":{"0":35},"b":{},"_coverageSchema":"1a1c01bbd47fc00a2c39e90264f33305004495a9","hash":"5d64598d9c5c96957a53686bbb4d4e659ba1d658"}
,"/Users/jeffreyju/Documents/Coding_Project/revature/StudyBuddy/backend/util/secretKey.js": {"path":"/Users/jeffreyju/Documents/Coding_Project/revature/StudyBuddy/backend/util/secretKey.js","statementMap":{"0":{"start":{"line":1,"column":43},"end":{"line":1,"column":73}},"1":{"start":{"line":2,"column":0},"end":{"line":2,"column":27}},"2":{"start":{"line":4,"column":18},"end":{"line":10,"column":2}},"3":{"start":{"line":12,"column":16},"end":{"line":12,"column":20}},"4":{"start":{"line":14,"column":4},"end":{"line":16,"column":5}},"5":{"start":{"line":15,"column":8},"end":{"line":15,"column":25}},"6":{"start":{"line":18,"column":20},"end":{"line":21,"column":6}},"7":{"start":{"line":23,"column":4},"end":{"line":30,"column":5}},"8":{"start":{"line":24,"column":25},"end":{"line":24,"column":54}},"9":{"start":{"line":25,"column":8},"end":{"line":25,"column":45}},"10":{"start":{"line":26,"column":8},"end":{"line":26,"column":25}},"11":{"start":{"line":29,"column":8},"end":{"line":29,"column":29}},"12":{"start":{"line":34,"column":4},"end":{"line":36,"column":5}},"13":{"start":{"line":35,"column":8},"end":{"line":35,"column":25}},"14":{"start":{"line":38,"column":20},"end":{"line":41,"column":6}},"15":{"start":{"line":43,"column":4},"end":{"line":50,"column":5}},"16":{"start":{"line":44,"column":25},"end":{"line":44,"column":54}},"17":{"start":{"line":45,"column":8},"end":{"line":45,"column":45}},"18":{"start":{"line":46,"column":8},"end":{"line":46,"column":25}},"19":{"start":{"line":49,"column":8},"end":{"line":49,"column":29}},"20":{"start":{"line":53,"column":0},"end":{"line":53,"column":48}}},"fnMap":{"0":{"name":"getJwtSecret","decl":{"start":{"line":13,"column":15},"end":{"line":13,"column":27}},"loc":{"start":{"line":13,"column":30},"end":{"line":31,"column":1}},"line":13},"1":{"name":"getGeminiKey","decl":{"start":{"line":33,"column":15},"end":{"line":33,"column":27}},"loc":{"start":{"line":33,"column":30},"end":{"line":51,"column":1}},"line":33}},"branchMap":{"0":{"loc":{"start":{"line":5,"column":12},"end":{"line":5,"column":49}},"type":"binary-expr","locations":[{"start":{"line":5,"column":12},"end":{"line":5,"column":34}},{"start":{"line":5,"column":38},"end":{"line":5,"column":49}}],"line":5},"1":{"loc":{"start":{"line":14,"column":4},"end":{"line":16,"column":5}},"type":"if","locations":[{"start":{"line":14,"column":4},"end":{"line":16,"column":5}},{"start":{},"end":{}}],"line":14},"2":{"loc":{"start":{"line":34,"column":4},"end":{"line":36,"column":5}},"type":"if","locations":[{"start":{"line":34,"column":4},"end":{"line":36,"column":5}},{"start":{},"end":{}}],"line":34}},"s":{"0":3,"1":3,"2":3,"3":3,"4":0,"5":0,"6":0,"7":0,"8":0,"9":0,"10":0,"11":0,"12":0,"13":0,"14":0,"15":0,"16":0,"17":0,"18":0,"19":0,"20":3},"f":{"0":0,"1":0},"b":{"0":[3,0],"1":[0,0],"2":[0,0]},"_coverageSchema":"1a1c01bbd47fc00a2c39e90264f33305004495a9","hash":"40cd946c002e73746e535ab8994c9ae3cab44ebd"}
}
