TN:
SF:controller/examsController.js
FN:13,(anonymous_0)
FN:40,(anonymous_1)
FN:59,(anonymous_2)
FN:76,(anonymous_3)
FN:102,(anonymous_4)
FN:123,(anonymous_5)
FN:142,(anonymous_6)
FNF:7
FNH:3
FNDA:2,(anonymous_0)
FNDA:2,(anonymous_1)
FNDA:0,(anonymous_2)
FNDA:0,(anonymous_3)
FNDA:0,(anonymous_4)
FNDA:0,(anonymous_5)
FNDA:4,(anonymous_6)
DA:1,1
DA:2,1
DA:3,1
DA:4,1
DA:5,1
DA:6,1
DA:7,1
DA:9,1
DA:13,1
DA:15,2
DA:16,2
DA:17,2
DA:18,2
DA:20,2
DA:21,1
DA:22,1
DA:25,1
DA:27,1
DA:28,1
DA:29,1
DA:30,1
DA:32,1
DA:33,1
DA:35,0
DA:36,0
DA:40,1
DA:41,2
DA:42,2
DA:43,2
DA:44,2
DA:46,2
DA:48,2
DA:49,1
DA:52,1
DA:55,0
DA:59,1
DA:60,0
DA:61,0
DA:62,0
DA:64,0
DA:65,0
DA:68,0
DA:69,0
DA:71,0
DA:72,0
DA:76,1
DA:77,0
DA:78,0
DA:79,0
DA:80,0
DA:82,0
DA:83,0
DA:86,0
DA:88,0
DA:89,0
DA:92,0
DA:94,0
DA:95,0
DA:102,1
DA:103,0
DA:104,0
DA:106,0
DA:108,0
DA:110,0
DA:111,0
DA:114,0
DA:117,0
DA:118,0
DA:123,1
DA:124,0
DA:125,0
DA:126,0
DA:128,0
DA:130,0
DA:131,0
DA:134,0
DA:136,0
DA:142,1
DA:144,4
DA:145,4
DA:146,4
DA:147,4
DA:148,4
DA:149,4
DA:151,4
DA:153,2
DA:155,2
DA:156,1
DA:159,1
DA:161,2
DA:162,2
DA:167,1
LF:92
LH:51
BRDA:20,0,0,1
BRDA:20,0,1,1
BRDA:48,1,0,1
BRDA:48,1,1,1
BRDA:64,2,0,0
BRDA:64,2,1,0
BRDA:64,3,0,0
BRDA:64,3,1,0
BRDA:64,3,2,0
BRDA:82,4,0,0
BRDA:82,4,1,0
BRDA:88,5,0,0
BRDA:88,5,1,0
BRDA:110,6,0,0
BRDA:110,6,1,0
BRDA:130,7,0,0
BRDA:130,7,1,0
BRDA:155,8,0,1
BRDA:155,8,1,1
BRF:19
BRH:6
end_of_record
TN:
SF:controller/flashcardController.js
FN:12,(anonymous_0)
FN:37,(anonymous_1)
FN:58,(anonymous_2)
FN:74,(anonymous_3)
FN:91,(anonymous_4)
FNF:5
FNH:4
FNDA:4,(anonymous_0)
FNDA:3,(anonymous_1)
FNDA:2,(anonymous_2)
FNDA:0,(anonymous_3)
FNDA:2,(anonymous_4)
DA:1,2
DA:2,2
DA:3,2
DA:4,2
DA:5,2
DA:6,2
DA:7,2
DA:8,2
DA:10,2
DA:12,2
DA:13,4
DA:14,4
DA:15,4
DA:16,4
DA:17,4
DA:19,4
DA:20,1
DA:21,1
DA:24,3
DA:25,3
DA:26,0
DA:27,0
DA:29,0
DA:30,0
DA:32,3
DA:33,3
DA:37,2
DA:38,3
DA:39,3
DA:40,3
DA:41,3
DA:43,3
DA:44,1
DA:45,1
DA:48,2
DA:49,1
DA:51,1
DA:53,1
DA:54,1
DA:58,2
DA:59,2
DA:61,2
DA:63,2
DA:64,1
DA:65,1
DA:68,1
DA:69,1
DA:74,2
DA:75,0
DA:76,0
DA:78,0
DA:80,0
DA:81,0
DA:82,0
DA:85,0
DA:86,0
DA:91,2
DA:92,2
DA:93,2
DA:95,2
DA:97,2
DA:98,1
DA:99,1
DA:102,1
DA:103,1
DA:106,2
LF:66
LH:54
BRDA:19,0,0,1
BRDA:19,0,1,3
BRDA:43,1,0,1
BRDA:43,1,1,2
BRDA:43,2,0,3
BRDA:43,2,1,3
BRDA:63,3,0,1
BRDA:63,3,1,1
BRDA:80,4,0,0
BRDA:80,4,1,0
BRDA:97,5,0,1
BRDA:97,5,1,1
BRF:12
BRH:10
end_of_record
TN:
SF:controller/userController.js
FN:15,(anonymous_0)
FN:22,(anonymous_1)
FN:48,(anonymous_2)
FN:54,(anonymous_3)
FN:72,(anonymous_4)
FN:90,(anonymous_5)
FN:119,(anonymous_6)
FN:140,(anonymous_7)
FN:169,(anonymous_8)
FNF:9
FNH:3
FNDA:0,(anonymous_0)
FNDA:1,(anonymous_1)
FNDA:1,(anonymous_2)
FNDA:2,(anonymous_3)
FNDA:0,(anonymous_4)
FNDA:0,(anonymous_5)
FNDA:0,(anonymous_6)
FNDA:0,(anonymous_7)
FNDA:0,(anonymous_8)
DA:1,1
DA:2,1
DA:3,1
DA:4,1
DA:5,1
DA:6,1
DA:7,1
DA:8,1
DA:9,1
DA:10,1
DA:12,1
DA:13,1
DA:15,1
DA:16,0
DA:17,0
DA:18,0
DA:22,1
DA:23,1
DA:24,1
DA:25,1
DA:27,1
DA:28,0
DA:29,0
DA:32,1
DA:43,1
DA:44,1
DA:48,1
DA:49,1
DA:50,1
DA:54,1
DA:55,2
DA:56,2
DA:57,2
DA:58,2
DA:59,1
DA:60,1
DA:63,1
DA:64,1
DA:65,1
DA:67,0
DA:68,0
DA:72,1
DA:73,0
DA:74,0
DA:75,0
DA:77,0
DA:78,0
DA:81,0
DA:82,0
DA:84,0
DA:85,0
DA:90,1
DA:91,0
DA:92,0
DA:94,0
DA:95,0
DA:98,0
DA:99,0
DA:100,0
DA:101,0
DA:104,0
DA:106,0
DA:107,0
DA:110,0
DA:111,0
DA:112,0
DA:114,0
DA:115,0
DA:119,1
DA:120,0
DA:121,0
DA:122,0
DA:123,0
DA:126,0
DA:127,0
DA:129,0
DA:130,0
DA:132,0
DA:133,0
DA:135,0
DA:136,0
DA:140,1
DA:141,0
DA:142,0
DA:144,0
DA:145,0
DA:146,0
DA:149,0
DA:150,0
DA:151,0
DA:152,0
DA:155,0
DA:156,0
DA:157,0
DA:160,0
DA:161,0
DA:162,0
DA:164,0
DA:165,0
DA:169,1
DA:170,0
DA:171,0
DA:172,0
DA:174,0
DA:176,0
DA:177,0
DA:178,0
DA:181,0
DA:182,0
DA:184,0
DA:185,0
DA:189,1
LF:112
LH:40
BRDA:27,0,0,0
BRDA:27,0,1,1
BRDA:58,1,0,1
BRDA:58,1,1,1
BRDA:77,2,0,0
BRDA:77,2,1,0
BRDA:77,3,0,0
BRDA:77,3,1,0
BRDA:94,4,0,0
BRDA:94,4,1,0
BRDA:99,5,0,0
BRDA:99,5,1,0
BRDA:106,6,0,0
BRDA:106,6,1,0
BRDA:121,7,0,0
BRDA:121,7,1,0
BRDA:144,8,0,0
BRDA:144,8,1,0
BRDA:150,9,0,0
BRDA:150,9,1,0
BRDA:155,10,0,0
BRDA:155,10,1,0
BRDA:176,11,0,0
BRDA:176,11,1,0
BRF:24
BRH:3
end_of_record
TN:
SF:middleware/flashcardSetMiddleware.js
FN:5,validateSetMiddleware
FNF:1
FNH:1
FNDA:3,validateSetMiddleware
DA:1,2
DA:2,2
DA:3,2
DA:6,3
DA:7,3
DA:8,3
DA:11,3
DA:16,3
DA:17,3
DA:18,3
DA:19,0
DA:22,3
DA:24,3
DA:29,0
DA:30,0
DA:34,2
LF:16
LH:13
BRDA:18,0,0,0
BRDA:18,0,1,3
BRDA:18,1,0,3
BRDA:18,1,1,0
BRF:4
BRH:2
end_of_record
TN:
SF:middleware/loginMiddleware.js
FN:5,validateLoginMiddleware
FN:36,validateLogin
FN:40,validateUsername
FN:50,validatePassword
FNF:4
FNH:4
FNDA:1,validateLoginMiddleware
FNDA:1,validateLogin
FNDA:1,validateUsername
FNDA:1,validatePassword
DA:1,1
DA:2,1
DA:3,1
DA:6,1
DA:8,1
DA:10,1
DA:11,0
DA:12,0
DA:17,1
DA:18,1
DA:19,0
DA:20,0
DA:25,1
DA:26,1
DA:27,0
DA:28,0
DA:33,1
DA:37,1
DA:41,1
DA:43,1
DA:44,0
DA:47,1
DA:51,1
DA:53,1
DA:54,1
DA:57,0
DA:61,1
LF:27
LH:19
BRDA:10,0,0,0
BRDA:10,0,1,1
BRDA:18,1,0,0
BRDA:18,1,1,1
BRDA:26,2,0,0
BRDA:26,2,1,1
BRDA:37,3,0,1
BRDA:37,3,1,1
BRDA:43,4,0,0
BRDA:43,4,1,1
BRDA:53,5,0,1
BRDA:53,5,1,0
BRDA:53,6,0,1
BRDA:53,6,1,1
BRF:14
BRH:9
end_of_record
TN:
SF:repository/examsDAO.js
FN:9,saveExamSetMetadata
FN:28,saveExamSetToS3
FN:44,getExamSetFromS3
FN:60,getExamSet
FN:76,getAllSets
FN:87,(anonymous_5)
FN:94,(anonymous_6)
FN:107,assignExam
FNF:8
FNH:0
FNDA:0,saveExamSetMetadata
FNDA:0,saveExamSetToS3
FNDA:0,getExamSetFromS3
FNDA:0,getExamSet
FNDA:0,getAllSets
FNDA:0,(anonymous_5)
FNDA:0,(anonymous_6)
FNDA:0,assignExam
DA:1,1
DA:2,1
DA:3,1
DA:4,1
DA:6,1
DA:7,1
DA:10,0
DA:19,0
DA:20,0
DA:21,0
DA:23,0
DA:24,0
DA:29,0
DA:35,0
DA:36,0
DA:37,0
DA:39,0
DA:40,0
DA:45,0
DA:50,0
DA:51,0
DA:52,0
DA:54,0
DA:55,0
DA:61,0
DA:66,0
DA:67,0
DA:68,0
DA:70,0
DA:71,0
DA:78,0
DA:83,0
DA:84,0
DA:86,0
DA:87,0
DA:88,0
DA:90,0
DA:91,0
DA:93,0
DA:94,0
DA:96,0
DA:97,0
DA:99,0
DA:102,0
DA:103,0
DA:108,0
DA:113,0
DA:114,0
DA:116,0
DA:122,0
DA:124,0
DA:126,0
DA:127,0
DA:131,1
LF:54
LH:7
BRDA:86,0,0,0
BRDA:86,0,1,0
BRDA:90,1,0,0
BRDA:90,1,1,0
BRF:4
BRH:0
end_of_record
TN:
SF:repository/flashcardDAO.js
FN:9,saveFlashcardSetMetadata
FN:28,saveFlashcardSetToS3
FN:44,getAllFlashcardSets
FN:54,(anonymous_3)
FN:68,getDetailedSet
FN:84,getSetById
FN:93,(anonymous_6)
FNF:7
FNH:0
FNDA:0,saveFlashcardSetMetadata
FNDA:0,saveFlashcardSetToS3
FNDA:0,getAllFlashcardSets
FNDA:0,(anonymous_3)
FNDA:0,getDetailedSet
FNDA:0,getSetById
FNDA:0,(anonymous_6)
DA:1,3
DA:2,3
DA:3,3
DA:4,3
DA:6,3
DA:7,3
DA:10,0
DA:19,0
DA:20,0
DA:21,0
DA:23,0
DA:24,0
DA:29,0
DA:35,0
DA:36,0
DA:37,0
DA:39,0
DA:40,0
DA:45,0
DA:51,0
DA:52,0
DA:54,0
DA:55,0
DA:56,0
DA:57,0
DA:60,0
DA:61,0
DA:63,0
DA:64,0
DA:69,0
DA:74,0
DA:75,0
DA:76,0
DA:77,0
DA:79,0
DA:80,0
DA:85,0
DA:86,0
DA:91,0
DA:93,0
DA:94,0
DA:100,0
DA:102,0
DA:104,0
DA:105,0
DA:106,0
DA:107,0
DA:108,0
DA:111,0
DA:112,0
DA:113,0
DA:115,0
DA:119,0
DA:121,0
DA:122,0
DA:127,3
LF:56
LH:7
BRDA:91,0,0,0
BRDA:91,0,1,0
BRDA:106,1,0,0
BRDA:106,1,1,0
BRF:4
BRH:0
end_of_record
TN:
SF:repository/userDAO.js
FN:13,getUser
FN:36,createUser
FN:63,updateUser
FN:116,deleteUser
FN:135,updateUserProfilePicture
FN:146,uploadProfilePictureToS3
FN:165,getProfilePictureFromS3
FN:180,createSet
FNF:8
FNH:0
FNDA:0,getUser
FNDA:0,createUser
FNDA:0,updateUser
FNDA:0,deleteUser
FNDA:0,updateUserProfilePicture
FNDA:0,uploadProfilePictureToS3
FNDA:0,getProfilePictureFromS3
FNDA:0,createSet
DA:1,3
DA:2,3
DA:3,3
DA:4,3
DA:5,3
DA:6,3
DA:9,3
DA:11,3
DA:14,0
DA:23,0
DA:24,0
DA:25,0
DA:26,0
DA:28,0
DA:31,0
DA:32,0
DA:37,0
DA:38,0
DA:39,0
DA:41,0
DA:53,0
DA:54,0
DA:55,0
DA:56,0
DA:58,0
DA:59,0
DA:64,0
DA:65,0
DA:68,0
DA:69,0
DA:70,0
DA:72,0
DA:73,0
DA:74,0
DA:75,0
DA:78,0
DA:79,0
DA:80,0
DA:81,0
DA:84,0
DA:86,0
DA:87,0
DA:88,0
DA:91,0
DA:102,0
DA:104,0
DA:105,0
DA:106,0
DA:107,0
DA:109,0
DA:110,0
DA:117,0
DA:125,0
DA:126,0
DA:127,0
DA:128,0
DA:130,0
DA:131,0
DA:136,0
DA:143,0
DA:147,0
DA:149,0
DA:156,0
DA:157,0
DA:158,0
DA:160,0
DA:161,0
DA:166,0
DA:171,0
DA:172,0
DA:173,0
DA:175,0
DA:176,0
DA:181,0
DA:182,0
DA:184,0
DA:190,0
DA:191,0
DA:192,0
DA:194,0
DA:195,0
DA:199,3
LF:82
LH:9
BRDA:25,0,0,0
BRDA:25,0,1,0
BRDA:25,1,0,0
BRDA:25,1,1,0
BRDA:64,2,0,0
BRDA:64,2,1,0
BRDA:72,3,0,0
BRDA:72,3,1,0
BRDA:78,4,0,0
BRDA:78,4,1,0
BRDA:86,5,0,0
BRDA:86,5,1,0
BRF:12
BRH:0
end_of_record
TN:
SF:service/examsService.js
FN:5,saveExams
FN:18,scoreExam
FN:27,(anonymous_2)
FN:42,takeExam
FN:46,(anonymous_4)
FN:48,(anonymous_5)
FN:54,assignExam
FN:65,getAllSets
FN:71,getExamSet
FNF:9
FNH:0
FNDA:0,saveExams
FNDA:0,scoreExam
FNDA:0,(anonymous_2)
FNDA:0,takeExam
FNDA:0,(anonymous_4)
FNDA:0,(anonymous_5)
FNDA:0,assignExam
FNDA:0,getAllSets
FNDA:0,getExamSet
DA:1,1
DA:2,1
DA:3,1
DA:6,0
DA:7,0
DA:9,0
DA:11,0
DA:12,0
DA:14,0
DA:15,0
DA:19,0
DA:20,0
DA:22,0
DA:23,0
DA:25,0
DA:26,0
DA:27,0
DA:28,0
DA:30,0
DA:31,0
DA:35,0
DA:43,0
DA:46,0
DA:48,0
DA:51,0
DA:55,0
DA:58,0
DA:59,0
DA:62,0
DA:66,0
DA:68,0
DA:72,0
DA:74,0
DA:77,1
LF:34
LH:4
BRDA:30,0,0,0
BRDA:30,0,1,0
BRDA:58,1,0,0
BRDA:58,1,1,0
BRF:4
BRH:0
end_of_record
TN:
SF:service/flashcardService.js
FN:5,saveFlashcards
FN:18,getAllFlashcardSets
FN:29,getDetailedSet
FN:40,getSetById
FNF:4
FNH:3
FNDA:3,saveFlashcards
FNDA:3,getAllFlashcardSets
FNDA:0,getDetailedSet
FNDA:3,getSetById
DA:1,3
DA:2,3
DA:3,3
DA:6,3
DA:7,3
DA:9,3
DA:11,3
DA:12,2
DA:14,1
DA:15,1
DA:19,3
DA:21,2
DA:22,1
DA:23,1
DA:26,1
DA:30,0
DA:32,0
DA:33,0
DA:34,0
DA:37,0
DA:41,3
DA:43,2
DA:44,1
DA:45,1
DA:48,1
DA:51,3
LF:26
LH:21
BRDA:21,0,0,1
BRDA:21,0,1,1
BRDA:32,1,0,0
BRDA:32,1,1,0
BRDA:43,2,0,1
BRDA:43,2,1,1
BRF:6
BRH:4
end_of_record
TN:
SF:service/userService.js
FN:7,getUser
FN:19,createUser
FN:33,updateUser
FN:42,deleteUser
FN:54,updateUserProfilePicture
FN:59,uploadUserProfilePictureToS3
FN:64,getProfilePicture
FN:69,createSet
FNF:8
FNH:0
FNDA:0,getUser
FNDA:0,createUser
FNDA:0,updateUser
FNDA:0,deleteUser
FNDA:0,updateUserProfilePicture
FNDA:0,uploadUserProfilePictureToS3
FNDA:0,getProfilePicture
FNDA:0,createSet
DA:1,3
DA:2,3
DA:3,3
DA:5,3
DA:8,0
DA:9,0
DA:11,0
DA:12,0
DA:13,0
DA:16,0
DA:20,0
DA:21,0
DA:23,0
DA:24,0
DA:25,0
DA:26,0
DA:28,0
DA:29,0
DA:34,0
DA:35,0
DA:36,0
DA:38,0
DA:39,0
DA:43,0
DA:44,0
DA:45,0
DA:46,0
DA:47,0
DA:49,0
DA:50,0
DA:55,0
DA:56,0
DA:60,0
DA:61,0
DA:65,0
DA:66,0
DA:70,0
DA:71,0
DA:73,0
DA:74,0
DA:75,0
DA:78,0
DA:79,0
DA:82,3
LF:44
LH:5
BRDA:11,0,0,0
BRDA:11,0,1,0
BRDA:73,1,0,0
BRDA:73,1,1,0
BRF:4
BRH:0
end_of_record
TN:
SF:util/awsClient.js
FNF:0
FNH:0
DA:1,7
DA:2,7
DA:3,7
DA:5,7
DA:13,7
DA:21,7
DA:23,7
DA:25,7
LF:8
LH:8
BRDA:6,0,0,7
BRDA:6,0,1,4
BRDA:14,1,0,7
BRDA:14,1,1,4
BRF:4
BRH:4
end_of_record
TN:
SF:util/geminiPrompt.js
FN:2,(anonymous_0)
FN:31,(anonymous_1)
FNF:2
FNH:0
FNDA:0,(anonymous_0)
FNDA:0,(anonymous_1)
DA:2,2
DA:4,0
DA:27,0
DA:31,2
DA:32,0
DA:68,0
DA:106,2
LF:7
LH:3
BRF:0
BRH:0
end_of_record
TN:
SF:util/jwt.js
FN:4,authenticateToken
FN:23,decodeJWT
FNF:2
FNH:2
FNDA:1,authenticateToken
FNDA:1,decodeJWT
DA:1,4
DA:2,4
DA:5,1
DA:6,1
DA:8,1
DA:10,1
DA:11,0
DA:14,1
DA:15,1
DA:16,0
DA:19,1
DA:20,1
DA:24,1
DA:25,1
DA:26,1
DA:29,0
DA:30,0
DA:34,4
LF:18
LH:14
BRDA:6,0,0,1
BRDA:6,0,1,1
BRDA:10,1,0,0
BRDA:10,1,1,1
BRDA:15,2,0,0
BRDA:15,2,1,1
BRF:6
BRH:4
end_of_record
TN:
SF:util/logger.js
FN:8,(anonymous_0)
FNF:1
FNH:1
FNDA:27,(anonymous_0)
DA:2,10
DA:4,10
DA:9,27
DA:18,10
LF:4
LH:4
BRF:0
BRH:0
end_of_record
TN:
SF:util/secretKey.js
FN:13,getJwtSecret
FN:33,getGeminiKey
FNF:2
FNH:0
FNDA:0,getJwtSecret
FNDA:0,getGeminiKey
DA:1,4
DA:2,4
DA:4,4
DA:12,4
DA:14,0
DA:15,0
DA:18,0
DA:23,0
DA:24,0
DA:25,0
DA:26,0
DA:29,0
DA:34,0
DA:35,0
DA:38,0
DA:43,0
DA:44,0
DA:45,0
DA:46,0
DA:49,0
DA:53,4
LF:21
LH:5
BRDA:5,0,0,4
BRDA:5,0,1,0
BRDA:14,1,0,0
BRDA:14,1,1,0
BRDA:34,2,0,0
BRDA:34,2,1,0
BRF:6
BRH:1
end_of_record
